TN:
SF:src\models\project.ts
FN:5,(anonymous_0)
FN:13,Project
FN:22,(anonymous_2)
FN:27,(anonymous_3)
FN:31,(anonymous_4)
FN:35,(anonymous_5)
FN:38,(anonymous_6)
FN:42,(anonymous_7)
FN:45,(anonymous_8)
FN:49,(anonymous_9)
FN:52,(anonymous_10)
FN:57,(anonymous_11)
FN:61,(anonymous_12)
FN:65,(anonymous_13)
FN:69,(anonymous_14)
FNF:15
FNH:8
FNDA:4,(anonymous_0)
FNDA:8,Project
FNDA:5,(anonymous_2)
FNDA:8,(anonymous_3)
FNDA:6,(anonymous_4)
FNDA:1,(anonymous_5)
FNDA:0,(anonymous_6)
FNDA:0,(anonymous_7)
FNDA:0,(anonymous_8)
FNDA:1,(anonymous_9)
FNDA:0,(anonymous_10)
FNDA:0,(anonymous_11)
FNDA:0,(anonymous_12)
FNDA:4,(anonymous_13)
FNDA:0,(anonymous_14)
DA:5,4
DA:14,8
DA:15,8
DA:16,8
DA:17,8
DA:22,4
DA:23,5
DA:27,4
DA:28,8
DA:32,6
DA:35,4
DA:36,1
DA:39,0
DA:42,4
DA:43,0
DA:46,0
DA:49,4
DA:50,1
DA:53,0
DA:57,4
DA:58,0
DA:62,0
DA:65,4
DA:66,4
DA:70,0
DA:72,4
LF:26
LH:19
BRF:0
BRH:0
end_of_record
TN:
SF:src\models\devOps\commando.ts
FN:4,(anonymous_6)
FN:6,Commando
FN:10,(anonymous_8)
FN:14,(anonymous_9)
FN:18,(anonymous_10)
FNF:5
FNH:3
FNDA:2,(anonymous_6)
FNDA:12,Commando
FNDA:12,(anonymous_8)
FNDA:0,(anonymous_9)
FNDA:0,(anonymous_10)
DA:1,2
DA:4,2
DA:6,12
DA:7,12
DA:10,2
DA:11,12
DA:14,2
DA:15,0
DA:19,0
DA:22,2
LF:10
LH:8
BRDA:7,0,0,12
BRDA:7,0,1,12
BRF:2
BRH:2
end_of_record
TN:
SF:src\models\devOps\component.ts
FN:3,(anonymous_0)
FNF:1
FNH:1
FNDA:20,(anonymous_0)
DA:3,2
DA:5,2
LF:2
LH:2
BRF:0
BRH:0
end_of_record
TN:
SF:src\models\devOps\compositeComponent.ts
FN:4,(anonymous_6)
FN:8,CompositeComponent
FN:14,(anonymous_8)
FN:18,(anonymous_9)
FN:19,(anonymous_10)
FN:24,(anonymous_11)
FN:27,(anonymous_12)
FN:31,(anonymous_13)
FN:34,(anonymous_14)
FNF:9
FNH:8
FNDA:2,(anonymous_6)
FNDA:6,CompositeComponent
FNDA:12,(anonymous_8)
FNDA:6,(anonymous_9)
FNDA:12,(anonymous_10)
FNDA:18,(anonymous_11)
FNDA:6,(anonymous_12)
FNDA:0,(anonymous_13)
FNDA:6,(anonymous_14)
DA:1,2
DA:4,2
DA:9,6
DA:10,6
DA:11,6
DA:14,2
DA:15,12
DA:18,2
DA:19,6
DA:20,12
DA:24,2
DA:25,18
DA:28,6
DA:31,2
DA:32,0
DA:35,6
DA:37,2
LF:17
LH:16
BRDA:9,0,0,6
BRDA:9,0,1,6
BRF:2
BRH:2
end_of_record
TN:
SF:src\models\devOps\developmentPipeline.ts
FN:6,(anonymous_0)
FN:12,DevelopmentPipeline
FN:17,(anonymous_2)
FN:21,(anonymous_3)
FN:25,(anonymous_4)
FN:38,(anonymous_5)
FN:41,(anonymous_6)
FN:45,(anonymous_7)
FN:48,(anonymous_8)
FN:52,(anonymous_9)
FN:55,(anonymous_10)
FN:59,(anonymous_11)
FN:62,(anonymous_12)
FN:67,(anonymous_13)
FNF:14
FNH:11
FNDA:5,(anonymous_0)
FNDA:4,DevelopmentPipeline
FNDA:6,(anonymous_2)
FNDA:5,(anonymous_3)
FNDA:0,(anonymous_4)
FNDA:0,(anonymous_5)
FNDA:4,(anonymous_6)
FNDA:13,(anonymous_7)
FNDA:4,(anonymous_8)
FNDA:9,(anonymous_9)
FNDA:10,(anonymous_10)
FNDA:0,(anonymous_11)
FNDA:4,(anonymous_12)
FNDA:5,(anonymous_13)
DA:2,5
DA:6,5
DA:9,4
DA:13,4
DA:14,4
DA:17,5
DA:18,6
DA:21,5
DA:22,5
DA:25,5
DA:26,0
DA:27,0
DA:28,0
DA:29,0
DA:30,0
DA:31,0
DA:38,5
DA:39,0
DA:42,4
DA:45,5
DA:46,13
DA:49,4
DA:52,5
DA:53,9
DA:56,10
DA:59,5
DA:60,0
DA:63,4
DA:65,5
DA:67,5
DA:68,5
DA:69,5
DA:70,5
DA:71,5
LF:34
LH:26
BRDA:26,0,0,0
BRDA:27,1,0,0
BRDA:30,2,0,0
BRDA:67,3,0,5
BRDA:67,3,1,5
BRF:5
BRH:2
end_of_record
TN:
SF:src\models\devOps\map.ts
FN:4,(anonymous_6)
FN:5,Folder
FN:9,(anonymous_8)
FNF:3
FNH:3
FNDA:2,(anonymous_6)
FNDA:6,Folder
FNDA:6,(anonymous_8)
DA:1,2
DA:4,2
DA:6,6
DA:9,2
DA:10,6
DA:11,6
DA:13,2
LF:7
LH:7
BRDA:6,0,0,6
BRDA:6,0,1,0
BRF:2
BRH:1
end_of_record
TN:
SF:src\models\devOps\vistors\devOpsRunner.ts
FN:7,(anonymous_6)
FN:10,(anonymous_8)
FN:14,(anonymous_9)
FN:18,(anonymous_10)
FN:27,(anonymous_11)
FN:29,(anonymous_12)
FN:34,(anonymous_13)
FN:38,(anonymous_14)
FNF:8
FNH:6
FNDA:10,(anonymous_6)
FNDA:18,(anonymous_8)
FNDA:5,(anonymous_9)
FNDA:6,(anonymous_10)
FNDA:0,(anonymous_11)
FNDA:0,(anonymous_12)
FNDA:12,(anonymous_13)
FNDA:6,(anonymous_14)
DA:3,5
DA:4,5
DA:7,5
DA:8,5
DA:10,5
DA:11,18
DA:14,5
DA:15,5
DA:17,5
DA:18,2
DA:19,6
DA:21,2
DA:23,3
DA:27,5
DA:28,0
DA:29,0
DA:30,0
DA:34,5
DA:35,12
DA:38,5
DA:39,6
DA:41,5
LF:22
LH:19
BRDA:7,0,0,5
BRDA:7,0,1,5
BRDA:7,0,2,5
BRDA:17,1,0,2
BRDA:17,1,1,3
BRF:5
BRH:5
end_of_record
TN:
SF:src\models\devOps\vistors\vistor.ts
FN:6,(anonymous_0)
FNF:1
FNH:1
FNDA:10,(anonymous_0)
DA:6,5
DA:11,5
LF:2
LH:2
BRF:0
BRH:0
end_of_record
TN:
SF:src\models\forum\Message.ts
FN:3,(anonymous_0)
FN:8,Message
FN:15,(anonymous_2)
FN:19,(anonymous_3)
FN:23,(anonymous_4)
FN:27,(anonymous_5)
FN:31,(anonymous_6)
FN:35,(anonymous_7)
FNF:8
FNH:3
FNDA:1,(anonymous_0)
FNDA:7,Message
FNDA:0,(anonymous_2)
FNDA:0,(anonymous_3)
FNDA:0,(anonymous_4)
FNDA:0,(anonymous_5)
FNDA:10,(anonymous_6)
FNDA:0,(anonymous_7)
DA:3,1
DA:9,7
DA:10,7
DA:11,7
DA:15,1
DA:16,0
DA:20,0
DA:23,1
DA:24,0
DA:28,0
DA:31,1
DA:32,10
DA:36,0
DA:39,1
LF:14
LH:9
BRF:0
BRH:0
end_of_record
TN:
SF:src\models\forum\Thread.ts
FN:4,(anonymous_0)
FN:8,Thread
FN:14,(anonymous_2)
FN:20,(anonymous_3)
FN:23,(anonymous_4)
FN:24,(anonymous_5)
FN:27,(anonymous_6)
FN:33,(anonymous_7)
FN:41,(anonymous_8)
FN:45,(anonymous_9)
FN:49,(anonymous_10)
FN:53,(anonymous_11)
FNF:12
FNH:7
FNDA:6,(anonymous_0)
FNDA:3,Thread
FNDA:5,(anonymous_2)
FNDA:5,(anonymous_3)
FNDA:2,(anonymous_4)
FNDA:0,(anonymous_5)
FNDA:5,(anonymous_6)
FNDA:0,(anonymous_7)
FNDA:3,(anonymous_8)
FNDA:0,(anonymous_9)
FNDA:0,(anonymous_10)
FNDA:0,(anonymous_11)
DA:4,6
DA:9,3
DA:10,3
DA:11,3
DA:14,6
DA:15,5
DA:16,5
DA:17,5
DA:20,6
DA:21,5
DA:22,5
DA:23,2
DA:24,0
DA:27,6
DA:28,5
DA:29,3
DA:33,6
DA:34,0
DA:35,0
DA:36,0
DA:41,6
DA:42,3
DA:46,0
DA:49,6
DA:50,0
DA:54,0
DA:57,6
LF:27
LH:20
BRDA:28,0,0,3
BRDA:35,1,0,0
BRF:2
BRH:1
end_of_record
TN:
SF:src\models\notifications\emailSubscriber.ts
FN:4,(anonymous_0)
FN:9,EmailSubscriber
FN:14,(anonymous_2)
FN:19,(anonymous_3)
FN:22,(anonymous_4)
FN:26,(anonymous_5)
FN:29,(anonymous_6)
FNF:7
FNH:5
FNDA:1,(anonymous_0)
FNDA:7,EmailSubscriber
FNDA:8,(anonymous_2)
FNDA:8,(anonymous_3)
FNDA:0,(anonymous_4)
FNDA:8,(anonymous_5)
FNDA:0,(anonymous_6)
DA:4,1
DA:5,7
DA:10,7
DA:11,7
DA:14,1
DA:15,8
DA:16,8
DA:19,1
DA:20,8
DA:23,0
DA:26,1
DA:27,8
DA:30,0
DA:32,1
LF:14
LH:12
BRF:0
BRH:0
end_of_record
TN:
SF:src\models\notifications\smsSubscriber.ts
FN:5,(anonymous_0)
FN:11,SmsSubscriber
FN:16,(anonymous_2)
FN:22,(anonymous_3)
FN:25,(anonymous_4)
FN:29,(anonymous_5)
FN:32,(anonymous_6)
FNF:7
FNH:3
FNDA:1,(anonymous_0)
FNDA:3,SmsSubscriber
FNDA:2,(anonymous_2)
FNDA:0,(anonymous_3)
FNDA:0,(anonymous_4)
FNDA:0,(anonymous_5)
FNDA:0,(anonymous_6)
DA:5,1
DA:9,3
DA:12,3
DA:13,3
DA:16,1
DA:17,2
DA:18,2
DA:19,2
DA:22,1
DA:23,0
DA:26,0
DA:29,1
DA:30,0
DA:33,0
DA:36,1
LF:15
LH:11
BRF:0
BRH:0
end_of_record
TN:
SF:src\models\notifications\API\emailSender.ts
FN:1,(anonymous_0)
FN:2,(anonymous_2)
FNF:2
FNH:2
FNDA:8,(anonymous_0)
FNDA:8,(anonymous_2)
DA:1,1
DA:2,1
DA:3,8
DA:5,1
LF:4
LH:4
BRF:0
BRH:0
end_of_record
TN:
SF:src\models\notifications\API\smsSender.ts
FN:1,(anonymous_0)
FN:2,(anonymous_2)
FNF:2
FNH:2
FNDA:4,(anonymous_0)
FNDA:2,(anonymous_2)
DA:1,1
DA:2,1
DA:3,2
DA:5,1
LF:4
LH:4
BRF:0
BRH:0
end_of_record
TN:
SF:src\models\productBacklogItem\productBacklog.ts
FN:3,(anonymous_0)
FN:6,ProductBacklog
FN:10,(anonymous_2)
FN:15,(anonymous_3)
FN:16,(anonymous_4)
FNF:5
FNH:5
FNDA:1,(anonymous_0)
FNDA:1,ProductBacklog
FNDA:2,(anonymous_2)
FNDA:1,(anonymous_3)
FNDA:1,(anonymous_4)
DA:3,1
DA:7,1
DA:10,1
DA:11,2
DA:15,1
DA:16,1
DA:18,1
LF:7
LH:7
BRF:0
BRH:0
end_of_record
TN:
SF:src\models\productBacklogItem\productBacklogItem.ts
FN:11,(anonymous_0)
FN:21,ProductBacklogItem
FN:28,(anonymous_2)
FN:32,(anonymous_3)
FN:37,(anonymous_4)
FN:41,(anonymous_5)
FN:45,(anonymous_6)
FN:52,(anonymous_7)
FN:55,(anonymous_8)
FN:59,(anonymous_9)
FN:62,(anonymous_10)
FN:66,(anonymous_11)
FN:69,(anonymous_12)
FN:73,(anonymous_13)
FN:76,(anonymous_14)
FN:80,(anonymous_15)
FN:83,(anonymous_16)
FN:87,(anonymous_17)
FN:90,(anonymous_18)
FN:94,(anonymous_19)
FN:97,(anonymous_20)
FN:101,(anonymous_21)
FN:104,(anonymous_22)
FNF:23
FNH:14
FNDA:6,(anonymous_0)
FNDA:20,ProductBacklogItem
FNDA:0,(anonymous_2)
FNDA:1,(anonymous_3)
FNDA:1,(anonymous_4)
FNDA:3,(anonymous_5)
FNDA:4,(anonymous_6)
FNDA:0,(anonymous_7)
FNDA:0,(anonymous_8)
FNDA:3,(anonymous_9)
FNDA:0,(anonymous_10)
FNDA:2,(anonymous_11)
FNDA:0,(anonymous_12)
FNDA:1,(anonymous_13)
FNDA:0,(anonymous_14)
FNDA:0,(anonymous_15)
FNDA:0,(anonymous_16)
FNDA:38,(anonymous_17)
FNDA:30,(anonymous_18)
FNDA:19,(anonymous_19)
FNDA:3,(anonymous_20)
FNDA:5,(anonymous_21)
FNDA:0,(anonymous_22)
DA:2,6
DA:7,6
DA:9,6
DA:11,6
DA:22,20
DA:23,20
DA:24,20
DA:25,20
DA:28,6
DA:29,0
DA:32,6
DA:33,1
DA:34,1
DA:37,6
DA:38,1
DA:41,6
DA:42,3
DA:45,6
DA:46,4
DA:47,2
DA:52,6
DA:53,0
DA:56,0
DA:59,6
DA:60,3
DA:63,0
DA:66,6
DA:67,2
DA:70,0
DA:73,6
DA:74,1
DA:77,0
DA:80,6
DA:81,0
DA:84,0
DA:87,6
DA:88,38
DA:91,30
DA:94,6
DA:95,19
DA:98,3
DA:101,6
DA:102,5
DA:105,0
DA:107,6
LF:45
LH:36
BRDA:46,0,0,2
BRDA:46,1,0,4
BRDA:46,1,1,3
BRF:3
BRH:3
end_of_record
TN:
SF:src\models\productBacklogItem\states\doingState.ts
FN:8,(anonymous_0)
FN:11,DoingState
FN:15,(anonymous_2)
FN:18,(anonymous_3)
FN:21,(anonymous_4)
FN:30,(anonymous_5)
FN:33,(anonymous_6)
FN:36,(anonymous_7)
FN:40,(anonymous_8)
FNF:9
FNH:4
FNDA:6,(anonymous_0)
FNDA:9,DoingState
FNDA:0,(anonymous_2)
FNDA:0,(anonymous_3)
FNDA:8,(anonymous_4)
FNDA:0,(anonymous_5)
FNDA:0,(anonymous_6)
FNDA:0,(anonymous_7)
FNDA:8,(anonymous_8)
DA:1,6
DA:2,6
DA:6,6
DA:8,6
DA:12,9
DA:15,6
DA:16,0
DA:18,6
DA:19,0
DA:21,6
DA:22,8
DA:24,8
DA:25,8
DA:30,6
DA:31,0
DA:33,6
DA:34,0
DA:36,6
DA:37,0
DA:40,6
DA:41,8
DA:42,9
DA:43,9
DA:44,3
DA:49,6
LF:25
LH:20
BRDA:22,0,0,8
BRDA:41,1,0,3
BRDA:41,2,0,8
BRDA:41,2,1,3
BRDA:43,3,0,3
BRF:5
BRH:5
end_of_record
TN:
SF:src\models\productBacklogItem\states\doneState.ts
FN:7,(anonymous_0)
FN:10,DoneState
FN:14,(anonymous_2)
FN:17,(anonymous_3)
FN:20,(anonymous_4)
FN:23,(anonymous_5)
FN:26,(anonymous_6)
FN:29,(anonymous_7)
FNF:8
FNH:2
FNDA:6,(anonymous_0)
FNDA:2,DoneState
FNDA:0,(anonymous_2)
FNDA:0,(anonymous_3)
FNDA:0,(anonymous_4)
FNDA:0,(anonymous_5)
FNDA:0,(anonymous_6)
FNDA:0,(anonymous_7)
DA:7,6
DA:11,2
DA:14,6
DA:15,0
DA:17,6
DA:18,0
DA:20,6
DA:21,0
DA:23,6
DA:24,0
DA:26,6
DA:27,0
DA:29,6
DA:30,0
DA:33,6
LF:15
LH:9
BRF:0
BRH:0
end_of_record
TN:
SF:src\models\productBacklogItem\states\readyForTestingState.ts
FN:10,(anonymous_0)
FN:13,ReadyForTestingState
FN:17,(anonymous_2)
FN:26,(anonymous_3)
FN:29,(anonymous_4)
FN:32,(anonymous_5)
FN:35,(anonymous_6)
FN:38,(anonymous_7)
FN:42,(anonymous_8)
FNF:9
FNH:5
FNDA:6,(anonymous_0)
FNDA:9,ReadyForTestingState
FNDA:1,(anonymous_2)
FNDA:0,(anonymous_3)
FNDA:0,(anonymous_4)
FNDA:5,(anonymous_5)
FNDA:0,(anonymous_6)
FNDA:0,(anonymous_7)
FNDA:1,(anonymous_8)
DA:2,6
DA:3,6
DA:7,6
DA:8,6
DA:10,6
DA:14,9
DA:17,6
DA:18,1
DA:20,1
DA:21,1
DA:26,6
DA:27,0
DA:29,6
DA:30,0
DA:32,6
DA:33,5
DA:35,6
DA:36,0
DA:38,6
DA:39,0
DA:42,6
DA:43,1
DA:44,3
DA:45,3
DA:46,1
DA:51,6
LF:26
LH:22
BRDA:18,0,0,1
BRDA:43,1,0,1
BRDA:43,2,0,1
BRDA:43,2,1,1
BRDA:45,3,0,1
BRF:5
BRH:5
end_of_record
TN:
SF:src\models\productBacklogItem\states\testedState.ts
FN:10,(anonymous_0)
FN:13,TestedState
FN:17,(anonymous_2)
FN:20,(anonymous_3)
FN:24,(anonymous_4)
FN:33,(anonymous_5)
FN:36,(anonymous_6)
FN:39,(anonymous_7)
FN:40,(anonymous_8)
FN:45,(anonymous_9)
FNF:10
FNH:5
FNDA:6,(anonymous_0)
FNDA:4,TestedState
FNDA:0,(anonymous_2)
FNDA:0,(anonymous_3)
FNDA:1,(anonymous_4)
FNDA:0,(anonymous_5)
FNDA:0,(anonymous_6)
FNDA:2,(anonymous_7)
FNDA:0,(anonymous_8)
FNDA:1,(anonymous_9)
DA:1,6
DA:3,6
DA:6,6
DA:8,6
DA:10,6
DA:14,4
DA:17,6
DA:18,0
DA:20,6
DA:21,0
DA:24,6
DA:25,1
DA:27,1
DA:28,1
DA:33,6
DA:34,0
DA:36,6
DA:37,0
DA:39,6
DA:40,2
DA:41,2
DA:45,6
DA:46,1
DA:47,1
DA:48,3
DA:49,3
DA:50,1
DA:55,6
LF:28
LH:24
BRDA:25,0,0,1
BRDA:40,1,0,2
BRDA:40,2,0,2
BRDA:40,2,1,2
BRDA:40,2,2,2
BRDA:40,2,3,0
BRDA:46,3,0,1
BRDA:49,4,0,1
BRF:8
BRH:7
end_of_record
TN:
SF:src\models\productBacklogItem\states\testingState.ts
FN:8,(anonymous_0)
FN:11,TestingState
FN:15,(anonymous_2)
FN:18,(anonymous_3)
FN:21,(anonymous_4)
FN:24,(anonymous_5)
FN:27,(anonymous_6)
FN:30,(anonymous_7)
FNF:8
FNH:3
FNDA:6,(anonymous_0)
FNDA:5,TestingState
FNDA:0,(anonymous_2)
FNDA:0,(anonymous_3)
FNDA:0,(anonymous_4)
FNDA:0,(anonymous_5)
FNDA:4,(anonymous_6)
FNDA:0,(anonymous_7)
DA:5,6
DA:8,6
DA:12,5
DA:15,6
DA:16,0
DA:18,6
DA:19,0
DA:21,6
DA:22,0
DA:24,6
DA:25,0
DA:27,6
DA:28,4
DA:30,6
DA:31,0
DA:33,6
LF:16
LH:11
BRF:0
BRH:0
end_of_record
TN:
SF:src\models\productBacklogItem\states\todoState.ts
FN:5,(anonymous_0)
FN:8,TodoState
FN:12,(anonymous_2)
FN:15,(anonymous_3)
FN:18,(anonymous_4)
FN:21,(anonymous_5)
FN:24,(anonymous_6)
FN:27,(anonymous_7)
FNF:8
FNH:4
FNDA:6,(anonymous_0)
FNDA:21,TodoState
FNDA:0,(anonymous_2)
FNDA:9,(anonymous_3)
FNDA:1,(anonymous_4)
FNDA:0,(anonymous_5)
FNDA:0,(anonymous_6)
FNDA:0,(anonymous_7)
DA:2,6
DA:5,6
DA:9,21
DA:12,6
DA:13,0
DA:15,6
DA:16,9
DA:18,6
DA:19,1
DA:21,6
DA:22,0
DA:24,6
DA:25,0
DA:27,6
DA:28,0
DA:30,6
LF:16
LH:12
BRF:0
BRH:0
end_of_record
TN:
SF:src\models\sprintReport\sprintReport.ts
FN:4,(anonymous_0)
FN:8,SprintReport
FN:13,(anonymous_2)
FN:17,(anonymous_3)
FN:21,(anonymous_4)
FN:25,(anonymous_5)
FN:29,(anonymous_6)
FN:33,(anonymous_7)
FN:36,(anonymous_8)
FN:40,(anonymous_9)
FN:43,(anonymous_10)
FNF:11
FNH:6
FNDA:5,(anonymous_0)
FNDA:2,SprintReport
FNDA:2,(anonymous_2)
FNDA:2,(anonymous_3)
FNDA:2,(anonymous_4)
FNDA:2,(anonymous_5)
FNDA:0,(anonymous_6)
FNDA:0,(anonymous_7)
FNDA:0,(anonymous_8)
FNDA:0,(anonymous_9)
FNDA:0,(anonymous_10)
DA:2,5
DA:4,5
DA:8,2
DA:9,2
DA:10,2
DA:13,5
DA:14,2
DA:17,5
DA:18,2
DA:21,5
DA:22,2
DA:25,5
DA:26,2
DA:29,5
DA:30,0
DA:33,5
DA:34,0
DA:37,0
DA:40,5
DA:41,0
DA:44,0
DA:46,5
LF:22
LH:17
BRF:0
BRH:0
end_of_record
TN:
SF:src\models\sprintReport\sprintReportComponent.ts
FN:1,(anonymous_0)
FN:8,SprintReportComponent
FN:16,(anonymous_2)
FN:21,(anonymous_3)
FN:24,(anonymous_4)
FN:28,(anonymous_5)
FN:31,(anonymous_6)
FN:35,(anonymous_7)
FN:38,(anonymous_8)
FN:42,(anonymous_9)
FN:45,(anonymous_10)
FN:49,(anonymous_11)
FN:52,(anonymous_12)
FNF:13
FNH:2
FNDA:5,(anonymous_0)
FNDA:4,SprintReportComponent
FNDA:0,(anonymous_2)
FNDA:0,(anonymous_3)
FNDA:0,(anonymous_4)
FNDA:0,(anonymous_5)
FNDA:0,(anonymous_6)
FNDA:0,(anonymous_7)
FNDA:0,(anonymous_8)
FNDA:0,(anonymous_9)
FNDA:0,(anonymous_10)
FNDA:0,(anonymous_11)
FNDA:0,(anonymous_12)
DA:1,5
DA:9,4
DA:10,4
DA:11,4
DA:12,4
DA:13,4
DA:16,5
DA:17,0
DA:21,5
DA:22,0
DA:25,0
DA:28,5
DA:29,0
DA:32,0
DA:35,5
DA:36,0
DA:39,0
DA:42,5
DA:43,0
DA:46,0
DA:49,5
DA:50,0
DA:53,0
DA:55,5
LF:24
LH:13
BRF:0
BRH:0
end_of_record
TN:
SF:src\models\sprintReport\Behaviour\imageReportBehaviour.ts
FN:19,(anonymous_6)
FN:5,(anonymous_7)
FN:6,(anonymous_9)
FN:10,(anonymous_10)
FNF:4
FNH:2
FNDA:2,(anonymous_6)
FNDA:6,(anonymous_7)
FNDA:0,(anonymous_9)
FNDA:0,(anonymous_10)
DA:1,5
DA:3,5
DA:5,5
DA:6,5
DA:7,0
DA:10,0
DA:11,0
DA:12,0
DA:14,0
DA:17,5
DA:19,7
LF:11
LH:6
BRDA:11,0,0,0
BRF:1
BRH:0
end_of_record
TN:
SF:src\models\sprintReport\Behaviour\pdfReportBehaviour.ts
FN:5,(anonymous_6)
FN:6,(anonymous_8)
FN:10,(anonymous_9)
FNF:3
FNH:1
FNDA:6,(anonymous_6)
FNDA:0,(anonymous_8)
FNDA:0,(anonymous_9)
DA:1,5
DA:5,5
DA:6,5
DA:7,0
DA:10,0
DA:11,0
DA:12,0
DA:14,0
DA:17,5
LF:9
LH:4
BRDA:11,0,0,0
BRF:1
BRH:0
end_of_record
TN:
SF:src\models\sprints\sprint.ts
FN:9,(anonymous_0)
FN:19,Sprint
FN:29,(anonymous_2)
FN:34,(anonymous_3)
FN:41,(anonymous_4)
FN:47,(anonymous_5)
FN:54,(anonymous_6)
FN:58,(anonymous_7)
FN:64,(anonymous_8)
FN:68,(anonymous_9)
FN:72,(anonymous_10)
FN:76,(anonymous_11)
FN:80,(anonymous_12)
FN:84,(anonymous_13)
FN:90,(anonymous_14)
FN:94,(anonymous_15)
FN:100,(anonymous_16)
FN:104,(anonymous_17)
FN:108,(anonymous_18)
FN:112,(anonymous_19)
FN:116,(anonymous_20)
FN:120,(anonymous_21)
FN:126,(anonymous_22)
FN:137,(anonymous_23)
FNF:24
FNH:23
FNDA:5,(anonymous_0)
FNDA:24,Sprint
FNDA:4,(anonymous_2)
FNDA:5,(anonymous_3)
FNDA:22,(anonymous_4)
FNDA:5,(anonymous_5)
FNDA:4,(anonymous_6)
FNDA:2,(anonymous_7)
FNDA:1,(anonymous_8)
FNDA:1,(anonymous_9)
FNDA:15,(anonymous_10)
FNDA:1,(anonymous_11)
FNDA:6,(anonymous_12)
FNDA:2,(anonymous_13)
FNDA:14,(anonymous_14)
FNDA:2,(anonymous_15)
FNDA:10,(anonymous_16)
FNDA:3,(anonymous_17)
FNDA:2,(anonymous_18)
FNDA:2,(anonymous_19)
FNDA:13,(anonymous_20)
FNDA:0,(anonymous_21)
FNDA:1,(anonymous_22)
FNDA:1,(anonymous_23)
DA:2,5
DA:5,5
DA:6,5
DA:9,5
DA:20,24
DA:21,24
DA:22,24
DA:23,24
DA:24,24
DA:29,5
DA:30,4
DA:31,4
DA:34,5
DA:35,5
DA:36,5
DA:37,5
DA:41,5
DA:42,22
DA:43,22
DA:47,5
DA:48,5
DA:49,4
DA:54,5
DA:55,4
DA:59,2
DA:60,0
DA:64,5
DA:65,1
DA:69,1
DA:72,5
DA:73,15
DA:77,1
DA:80,5
DA:81,6
DA:85,2
DA:86,0
DA:90,5
DA:91,14
DA:95,2
DA:96,0
DA:100,5
DA:101,10
DA:105,3
DA:108,5
DA:109,2
DA:112,5
DA:113,2
DA:116,5
DA:117,13
DA:121,0
DA:126,5
DA:127,1
DA:129,1
DA:130,1
DA:131,1
DA:132,1
DA:134,1
DA:137,5
DA:138,1
DA:140,1
DA:141,1
DA:142,1
DA:143,1
DA:145,1
DA:147,5
LF:65
LH:61
BRDA:35,0,0,5
BRDA:42,1,0,22
BRDA:48,2,0,4
BRDA:59,3,0,0
BRDA:85,4,0,0
BRDA:95,5,0,0
BRF:6
BRH:3
end_of_record
TN:
SF:src\models\sprints\sprintFactory.ts
FN:5,(anonymous_0)
FN:6,(anonymous_2)
FN:18,(anonymous_3)
FNF:3
FNH:3
FNDA:5,(anonymous_0)
FNDA:24,(anonymous_2)
FNDA:5,(anonymous_3)
DA:1,5
DA:2,5
DA:5,5
DA:6,5
DA:7,24
DA:9,14
DA:11,10
DA:13,0
DA:16,5
DA:18,5
DA:19,5
DA:20,5
LF:12
LH:11
BRDA:7,0,0,14
BRDA:7,0,1,10
BRDA:7,0,2,0
BRDA:18,1,0,5
BRDA:18,1,1,5
BRF:5
BRH:4
end_of_record
TN:
SF:src\models\sprints\releaseSprint\releaseSprint.ts
FN:7,(anonymous_6)
FN:10,ReleaseSprint
FN:15,(anonymous_8)
FN:19,(anonymous_9)
FN:23,(anonymous_10)
FN:26,(anonymous_11)
FNF:6
FNH:5
FNDA:5,(anonymous_6)
FNDA:10,ReleaseSprint
FNDA:12,(anonymous_8)
FNDA:0,(anonymous_9)
FNDA:18,(anonymous_10)
FNDA:18,(anonymous_11)
DA:1,5
DA:2,5
DA:3,5
DA:7,5
DA:11,10
DA:12,10
DA:15,5
DA:16,12
DA:19,5
DA:20,0
DA:23,5
DA:24,18
DA:27,18
DA:30,5
LF:14
LH:13
BRDA:11,0,0,10
BRDA:11,0,1,10
BRF:2
BRH:2
end_of_record
TN:
SF:src\models\sprints\releaseSprint\states\cancelledState.ts
FN:6,(anonymous_0)
FN:9,CancelledState
FN:13,(anonymous_2)
FN:16,(anonymous_3)
FN:19,(anonymous_4)
FN:22,(anonymous_5)
FN:30,(anonymous_6)
FN:33,(anonymous_7)
FNF:8
FNH:2
FNDA:5,(anonymous_0)
FNDA:1,CancelledState
FNDA:0,(anonymous_2)
FNDA:0,(anonymous_3)
FNDA:0,(anonymous_4)
FNDA:0,(anonymous_5)
FNDA:0,(anonymous_6)
FNDA:0,(anonymous_7)
DA:1,5
DA:6,5
DA:10,1
DA:13,5
DA:14,0
DA:16,5
DA:17,0
DA:19,5
DA:20,0
DA:22,5
DA:23,0
DA:27,0
DA:30,5
DA:31,0
DA:33,5
DA:34,0
DA:36,5
LF:17
LH:10
BRDA:23,0,0,0
BRDA:24,1,0,0
BRDA:24,1,1,0
BRF:3
BRH:0
end_of_record
TN:
SF:src\models\sprints\releaseSprint\states\completedState.ts
FN:5,(anonymous_0)
FN:9,CompletedState
FN:13,(anonymous_2)
FN:16,(anonymous_3)
FN:19,(anonymous_4)
FN:22,(anonymous_5)
FN:25,(anonymous_6)
FN:28,(anonymous_7)
FNF:8
FNH:2
FNDA:5,(anonymous_0)
FNDA:2,CompletedState
FNDA:0,(anonymous_2)
FNDA:0,(anonymous_3)
FNDA:0,(anonymous_4)
FNDA:0,(anonymous_5)
FNDA:0,(anonymous_6)
FNDA:0,(anonymous_7)
DA:5,5
DA:10,2
DA:13,5
DA:14,0
DA:16,5
DA:17,0
DA:19,5
DA:20,0
DA:22,5
DA:23,0
DA:25,5
DA:26,0
DA:28,5
DA:29,0
DA:32,5
LF:15
LH:9
BRF:0
BRH:0
end_of_record
TN:
SF:src\models\sprints\releaseSprint\states\createdState.ts
FN:8,(anonymous_0)
FN:11,CreatedState
FN:15,(anonymous_2)
FN:18,(anonymous_3)
FN:23,(anonymous_4)
FN:26,(anonymous_5)
FN:29,(anonymous_6)
FN:32,(anonymous_7)
FNF:8
FNH:3
FNDA:5,(anonymous_0)
FNDA:10,CreatedState
FNDA:0,(anonymous_2)
FNDA:7,(anonymous_3)
FNDA:0,(anonymous_4)
FNDA:0,(anonymous_5)
FNDA:0,(anonymous_6)
FNDA:0,(anonymous_7)
DA:1,5
DA:4,5
DA:8,5
DA:12,10
DA:15,5
DA:16,0
DA:18,5
DA:19,7
DA:20,7
DA:23,5
DA:24,0
DA:26,5
DA:27,0
DA:29,5
DA:30,0
DA:32,5
DA:33,0
DA:37,5
LF:18
LH:13
BRDA:19,0,0,7
BRF:1
BRH:1
end_of_record
TN:
SF:src\models\sprints\releaseSprint\states\finishedState.ts
FN:10,(anonymous_0)
FN:13,FinishedState
FN:17,(anonymous_2)
FN:20,(anonymous_3)
FN:23,(anonymous_4)
FN:27,(anonymous_5)
FN:46,(anonymous_6)
FN:49,(anonymous_7)
FN:54,(anonymous_8)
FNF:9
FNH:4
FNDA:5,(anonymous_0)
FNDA:4,FinishedState
FNDA:0,(anonymous_2)
FNDA:0,(anonymous_3)
FNDA:0,(anonymous_4)
FNDA:4,(anonymous_5)
FNDA:0,(anonymous_6)
FNDA:0,(anonymous_7)
FNDA:4,(anonymous_8)
DA:1,5
DA:2,5
DA:5,5
DA:6,5
DA:8,5
DA:10,5
DA:14,4
DA:17,5
DA:18,0
DA:20,5
DA:21,0
DA:23,5
DA:24,0
DA:27,5
DA:28,4
DA:29,4
DA:30,4
DA:32,4
DA:33,2
DA:34,2
DA:35,2
DA:36,2
DA:37,2
DA:38,1
DA:39,1
DA:42,1
DA:46,5
DA:47,0
DA:49,5
DA:50,0
DA:51,0
DA:54,5
DA:55,4
DA:56,9
DA:57,9
DA:58,3
DA:62,4
DA:63,3
DA:66,5
LF:39
LH:33
BRDA:32,0,0,2
BRDA:32,0,1,2
BRDA:32,1,0,4
BRDA:32,1,1,4
BRDA:35,2,0,2
BRDA:37,3,0,1
BRDA:37,3,1,1
BRDA:37,4,0,2
BRDA:37,4,1,1
BRDA:57,5,0,3
BRDA:62,6,0,3
BRDA:62,7,0,4
BRDA:62,7,1,3
BRF:13
BRH:13
end_of_record
TN:
SF:src\models\sprints\releaseSprint\states\inProgressState.ts
FN:6,(anonymous_0)
FN:9,InProgressState
FN:13,(anonymous_2)
FN:16,(anonymous_3)
FN:19,(anonymous_4)
FN:25,(anonymous_5)
FN:28,(anonymous_6)
FN:31,(anonymous_7)
FNF:8
FNH:3
FNDA:5,(anonymous_0)
FNDA:7,InProgressState
FNDA:0,(anonymous_2)
FNDA:0,(anonymous_3)
FNDA:4,(anonymous_4)
FNDA:0,(anonymous_5)
FNDA:0,(anonymous_6)
FNDA:0,(anonymous_7)
DA:3,5
DA:6,5
DA:10,7
DA:13,5
DA:14,0
DA:16,5
DA:17,0
DA:19,5
DA:20,4
DA:22,4
DA:25,5
DA:26,0
DA:28,5
DA:29,0
DA:31,5
DA:32,0
DA:35,5
LF:17
LH:12
BRDA:20,0,0,4
BRF:1
BRH:1
end_of_record
TN:
SF:src\models\sprints\releaseSprint\states\releaseState.ts
FN:9,(anonymous_0)
FN:12,ReleaseState
FN:16,(anonymous_2)
FN:19,(anonymous_3)
FN:22,(anonymous_4)
FN:25,(anonymous_5)
FN:30,(anonymous_6)
FN:33,(anonymous_7)
FNF:8
FNH:2
FNDA:5,(anonymous_0)
FNDA:4,ReleaseState
FNDA:0,(anonymous_2)
FNDA:0,(anonymous_3)
FNDA:0,(anonymous_4)
FNDA:0,(anonymous_5)
FNDA:0,(anonymous_6)
FNDA:0,(anonymous_7)
DA:1,5
DA:4,5
DA:5,5
DA:9,5
DA:13,4
DA:16,5
DA:17,0
DA:19,5
DA:20,0
DA:22,5
DA:23,0
DA:25,5
DA:26,0
DA:27,0
DA:30,5
DA:31,0
DA:33,5
DA:34,0
DA:36,5
LF:19
LH:12
BRDA:26,0,0,0
BRDA:26,1,0,0
BRDA:26,1,1,0
BRF:3
BRH:0
end_of_record
TN:
SF:src\models\sprints\reviewSprint\reviewSprint.ts
FN:7,(anonymous_6)
FN:11,ReviewSprint
FN:16,(anonymous_8)
FN:20,(anonymous_9)
FN:23,(anonymous_10)
FN:28,(anonymous_11)
FN:31,(anonymous_12)
FN:35,(anonymous_13)
FN:38,(anonymous_14)
FNF:9
FNH:6
FNDA:5,(anonymous_6)
FNDA:14,ReviewSprint
FNDA:0,(anonymous_8)
FNDA:16,(anonymous_9)
FNDA:5,(anonymous_10)
FNDA:18,(anonymous_11)
FNDA:12,(anonymous_12)
FNDA:0,(anonymous_13)
FNDA:0,(anonymous_14)
DA:1,5
DA:2,5
DA:3,5
DA:7,5
DA:12,14
DA:13,14
DA:16,5
DA:17,0
DA:20,5
DA:21,16
DA:23,5
DA:24,5
DA:28,5
DA:29,18
DA:32,12
DA:35,5
DA:36,0
DA:39,0
DA:41,5
LF:19
LH:16
BRDA:12,0,0,14
BRDA:12,0,1,14
BRF:2
BRH:2
end_of_record
TN:
SF:src\models\sprints\reviewSprint\states\completedState.ts
FN:5,(anonymous_0)
FN:8,CompletedState
FN:12,(anonymous_2)
FN:15,(anonymous_3)
FN:18,(anonymous_4)
FN:21,(anonymous_5)
FN:24,(anonymous_6)
FNF:7
FNH:2
FNDA:5,(anonymous_0)
FNDA:1,CompletedState
FNDA:0,(anonymous_2)
FNDA:0,(anonymous_3)
FNDA:0,(anonymous_4)
FNDA:0,(anonymous_5)
FNDA:0,(anonymous_6)
DA:5,5
DA:9,1
DA:12,5
DA:13,0
DA:15,5
DA:16,0
DA:18,5
DA:19,0
DA:21,5
DA:22,0
DA:24,5
DA:25,0
DA:28,5
LF:13
LH:8
BRF:0
BRH:0
end_of_record
TN:
SF:src\models\sprints\reviewSprint\states\createdState.ts
FN:8,(anonymous_0)
FN:11,CreatedState
FN:15,(anonymous_2)
FN:19,(anonymous_3)
FN:25,(anonymous_4)
FN:29,(anonymous_5)
FN:33,(anonymous_6)
FNF:7
FNH:3
FNDA:5,(anonymous_0)
FNDA:14,CreatedState
FNDA:0,(anonymous_2)
FNDA:7,(anonymous_3)
FNDA:0,(anonymous_4)
FNDA:0,(anonymous_5)
FNDA:0,(anonymous_6)
DA:2,5
DA:5,5
DA:8,5
DA:12,14
DA:15,5
DA:16,0
DA:19,5
DA:20,7
DA:21,7
DA:25,5
DA:26,0
DA:29,5
DA:30,0
DA:33,5
DA:34,0
DA:37,5
LF:16
LH:12
BRDA:20,0,0,7
BRF:1
BRH:1
end_of_record
TN:
SF:src\models\sprints\reviewSprint\states\finishedState.ts
FN:7,(anonymous_0)
FN:10,FinishedState
FN:14,(anonymous_2)
FN:17,(anonymous_3)
FN:20,(anonymous_4)
FN:23,(anonymous_5)
FN:26,(anonymous_6)
FNF:7
FNH:3
FNDA:5,(anonymous_0)
FNDA:3,FinishedState
FNDA:0,(anonymous_2)
FNDA:0,(anonymous_3)
FNDA:0,(anonymous_4)
FNDA:1,(anonymous_5)
FNDA:0,(anonymous_6)
DA:5,5
DA:7,5
DA:11,3
DA:14,5
DA:15,0
DA:17,5
DA:18,0
DA:20,5
DA:21,0
DA:23,5
DA:24,1
DA:26,5
DA:27,0
DA:29,5
LF:14
LH:10
BRF:0
BRH:0
end_of_record
TN:
SF:src\models\sprints\reviewSprint\states\inProgressState.ts
FN:6,(anonymous_0)
FN:9,InProgressState
FN:13,(anonymous_2)
FN:17,(anonymous_3)
FN:21,(anonymous_4)
FN:28,(anonymous_5)
FN:31,(anonymous_6)
FNF:7
FNH:3
FNDA:5,(anonymous_0)
FNDA:7,InProgressState
FNDA:0,(anonymous_2)
FNDA:0,(anonymous_3)
FNDA:4,(anonymous_4)
FNDA:0,(anonymous_5)
FNDA:0,(anonymous_6)
DA:1,5
DA:6,5
DA:10,7
DA:13,5
DA:14,0
DA:17,5
DA:18,0
DA:21,5
DA:22,4
DA:24,3
DA:28,5
DA:29,0
DA:31,5
DA:32,0
DA:35,5
LF:15
LH:11
BRDA:22,0,0,3
BRF:1
BRH:1
end_of_record
TN:
SF:src\models\sprints\reviewSprint\states\reviewState.ts
FN:10,(anonymous_0)
FN:13,ReviewState
FN:17,(anonymous_2)
FN:20,(anonymous_3)
FN:23,(anonymous_4)
FN:26,(anonymous_5)
FN:29,(anonymous_6)
FNF:7
FNH:3
FNDA:5,(anonymous_0)
FNDA:1,ReviewState
FNDA:0,(anonymous_2)
FNDA:0,(anonymous_3)
FNDA:0,(anonymous_4)
FNDA:0,(anonymous_5)
FNDA:1,(anonymous_6)
DA:3,5
DA:6,5
DA:10,5
DA:14,1
DA:17,5
DA:18,0
DA:20,5
DA:21,0
DA:23,5
DA:24,0
DA:26,5
DA:27,0
DA:29,5
DA:30,1
DA:32,1
DA:35,5
LF:16
LH:12
BRDA:30,0,0,1
BRDA:30,1,0,1
BRDA:30,1,1,1
BRF:3
BRH:3
end_of_record
TN:
SF:src\models\tasks\task.ts
FN:6,(anonymous_0)
FN:13,Task
FN:18,(anonymous_2)
FN:21,(anonymous_3)
FN:25,(anonymous_4)
FN:28,(anonymous_5)
FN:32,(anonymous_6)
FN:35,(anonymous_7)
FN:39,(anonymous_8)
FN:42,(anonymous_9)
FNF:10
FNH:7
FNDA:1,(anonymous_0)
FNDA:3,Task
FNDA:0,(anonymous_2)
FNDA:0,(anonymous_3)
FNDA:0,(anonymous_4)
FNDA:1,(anonymous_5)
FNDA:2,(anonymous_6)
FNDA:2,(anonymous_7)
FNDA:8,(anonymous_8)
FNDA:2,(anonymous_9)
DA:4,1
DA:6,1
DA:14,3
DA:15,3
DA:18,1
DA:19,0
DA:22,0
DA:25,1
DA:26,0
DA:29,1
DA:32,1
DA:33,2
DA:36,2
DA:39,1
DA:40,8
DA:43,2
DA:45,1
LF:17
LH:14
BRF:0
BRH:0
end_of_record
TN:
SF:src\models\tasks\states\doingState.ts
FN:6,(anonymous_0)
FN:8,DoingState
FN:12,(anonymous_2)
FN:15,(anonymous_3)
FN:18,(anonymous_4)
FN:21,(anonymous_5)
FNF:6
FNH:2
FNDA:1,(anonymous_0)
FNDA:2,DoingState
FNDA:0,(anonymous_2)
FNDA:0,(anonymous_3)
FNDA:0,(anonymous_4)
FNDA:0,(anonymous_5)
DA:3,1
DA:4,1
DA:6,1
DA:9,2
DA:12,1
DA:13,0
DA:15,1
DA:16,0
DA:18,1
DA:19,0
DA:21,1
DA:22,0
DA:24,1
LF:13
LH:9
BRF:0
BRH:0
end_of_record
TN:
SF:src\models\tasks\states\doneState.ts
FN:7,(anonymous_0)
FN:11,DoneState
FN:15,(anonymous_2)
FN:18,(anonymous_3)
FN:21,(anonymous_4)
FN:24,(anonymous_5)
FNF:6
FNH:1
FNDA:1,(anonymous_0)
FNDA:0,DoneState
FNDA:0,(anonymous_2)
FNDA:0,(anonymous_3)
FNDA:0,(anonymous_4)
FNDA:0,(anonymous_5)
DA:7,1
DA:12,0
DA:15,1
DA:16,0
DA:18,1
DA:19,0
DA:21,1
DA:22,0
DA:24,1
DA:25,0
DA:28,1
LF:11
LH:6
BRF:0
BRH:0
end_of_record
TN:
SF:src\models\tasks\states\testingState.ts
FN:6,(anonymous_0)
FN:8,TestingState
FN:12,(anonymous_2)
FN:15,(anonymous_3)
FN:18,(anonymous_4)
FN:21,(anonymous_5)
FNF:6
FNH:1
FNDA:1,(anonymous_0)
FNDA:0,TestingState
FNDA:0,(anonymous_2)
FNDA:0,(anonymous_3)
FNDA:0,(anonymous_4)
FNDA:0,(anonymous_5)
DA:2,1
DA:4,1
DA:6,1
DA:9,0
DA:12,1
DA:13,0
DA:15,1
DA:16,0
DA:18,1
DA:19,0
DA:21,1
DA:22,0
DA:24,1
LF:13
LH:8
BRF:0
BRH:0
end_of_record
TN:
SF:src\models\tasks\states\todoState.ts
FN:5,(anonymous_0)
FN:8,TodoState
FN:12,(anonymous_2)
FN:15,(anonymous_3)
FN:22,(anonymous_4)
FN:25,(anonymous_5)
FNF:6
FNH:4
FNDA:1,(anonymous_0)
FNDA:3,TodoState
FNDA:0,(anonymous_2)
FNDA:2,(anonymous_3)
FNDA:0,(anonymous_4)
FNDA:1,(anonymous_5)
DA:2,1
DA:5,1
DA:9,3
DA:12,1
DA:13,0
DA:15,1
DA:16,2
DA:17,2
DA:19,0
DA:22,1
DA:23,0
DA:25,1
DA:26,1
DA:28,1
LF:14
LH:11
BRDA:16,0,0,2
BRDA:16,0,1,0
BRF:2
BRH:1
end_of_record
TN:
SF:src\models\users\developer.ts
FN:3,(anonymous_6)
FN:4,Developer
FNF:2
FNH:2
FNDA:8,(anonymous_6)
FNDA:40,Developer
DA:1,8
DA:3,8
DA:5,40
DA:7,8
LF:4
LH:4
BRDA:5,0,0,40
BRDA:5,0,1,40
BRF:2
BRH:2
end_of_record
TN:
SF:src\models\users\productOwner.ts
FN:3,(anonymous_6)
FN:4,ProductOwner
FNF:2
FNH:2
FNDA:8,(anonymous_6)
FNDA:40,ProductOwner
DA:1,8
DA:3,8
DA:5,40
DA:7,8
LF:4
LH:4
BRDA:5,0,0,40
BRDA:5,0,1,40
BRF:2
BRH:2
end_of_record
TN:
SF:src\models\users\scrumMaster.ts
FN:3,(anonymous_6)
FN:4,ScrumMaster
FNF:2
FNH:2
FNDA:9,(anonymous_6)
FNDA:42,ScrumMaster
DA:1,9
DA:3,9
DA:5,42
DA:7,9
LF:4
LH:4
BRDA:5,0,0,42
BRDA:5,0,1,42
BRF:2
BRH:2
end_of_record
TN:
SF:src\models\users\tester.ts
FN:3,(anonymous_6)
FN:4,Tester
FNF:2
FNH:2
FNDA:8,(anonymous_6)
FNDA:40,Tester
DA:1,8
DA:3,8
DA:5,40
DA:7,8
LF:4
LH:4
BRDA:5,0,0,40
BRDA:5,0,1,40
BRF:2
BRH:2
end_of_record
TN:
SF:src\models\users\user.ts
FN:3,(anonymous_0)
FN:11,User
FN:19,(anonymous_2)
FN:23,(anonymous_3)
FN:30,(anonymous_4)
FN:37,(anonymous_5)
FN:40,(anonymous_6)
FN:44,(anonymous_7)
FN:48,(anonymous_8)
FN:51,(anonymous_9)
FN:55,(anonymous_10)
FN:58,(anonymous_11)
FN:62,(anonymous_12)
FN:66,(anonymous_13)
FNF:14
FNH:7
FNDA:9,(anonymous_0)
FNDA:162,User
FNDA:10,(anonymous_2)
FNDA:0,(anonymous_3)
FNDA:11,(anonymous_4)
FNDA:0,(anonymous_5)
FNDA:0,(anonymous_6)
FNDA:0,(anonymous_7)
FNDA:7,(anonymous_8)
FNDA:0,(anonymous_9)
FNDA:3,(anonymous_10)
FNDA:0,(anonymous_11)
FNDA:9,(anonymous_12)
FNDA:0,(anonymous_13)
DA:3,9
DA:12,162
DA:13,162
DA:14,162
DA:15,162
DA:16,162
DA:17,162
DA:19,9
DA:20,10
DA:23,9
DA:24,0
DA:25,0
DA:26,0
DA:30,9
DA:31,11
DA:32,10
DA:37,9
DA:38,0
DA:41,0
DA:44,9
DA:45,0
DA:48,9
DA:49,7
DA:52,0
DA:55,9
DA:56,3
DA:59,0
DA:62,9
DA:63,9
DA:67,0
DA:69,9
LF:31
LH:22
BRDA:25,0,0,0
BRF:1
BRH:0
end_of_record
