TN:
SF:src\models\project.ts
FN:5,(anonymous_0)
FN:13,Project
FN:22,(anonymous_2)
FN:27,(anonymous_3)
FN:31,(anonymous_4)
FN:35,(anonymous_5)
FN:38,(anonymous_6)
FN:42,(anonymous_7)
FN:45,(anonymous_8)
FN:49,(anonymous_9)
FN:52,(anonymous_10)
FN:57,(anonymous_11)
FN:61,(anonymous_12)
FN:65,(anonymous_13)
FN:69,(anonymous_14)
FNF:15
FNH:8
FNDA:4,(anonymous_0)
FNDA:9,Project
FNDA:6,(anonymous_2)
FNDA:8,(anonymous_3)
FNDA:7,(anonymous_4)
FNDA:1,(anonymous_5)
FNDA:0,(anonymous_6)
FNDA:0,(anonymous_7)
FNDA:0,(anonymous_8)
FNDA:1,(anonymous_9)
FNDA:0,(anonymous_10)
FNDA:0,(anonymous_11)
FNDA:0,(anonymous_12)
FNDA:4,(anonymous_13)
FNDA:0,(anonymous_14)
DA:5,4
DA:14,9
DA:15,9
DA:16,9
DA:17,9
DA:22,4
DA:23,6
DA:27,4
DA:28,8
DA:32,7
DA:35,4
DA:36,1
DA:39,0
DA:42,4
DA:43,0
DA:46,0
DA:49,4
DA:50,1
DA:53,0
DA:57,4
DA:58,0
DA:62,0
DA:65,4
DA:66,4
DA:70,0
DA:72,4
LF:26
LH:19
BRF:0
BRH:0
end_of_record
TN:
SF:src\models\devOps\commando.ts
FN:4,(anonymous_6)
FN:6,Commando
FN:10,(anonymous_8)
FN:14,(anonymous_9)
FN:18,(anonymous_10)
FNF:5
FNH:3
FNDA:2,(anonymous_6)
FNDA:18,Commando
FNDA:18,(anonymous_8)
FNDA:0,(anonymous_9)
FNDA:0,(anonymous_10)
DA:1,2
DA:4,2
DA:6,18
DA:7,18
DA:10,2
DA:11,18
DA:14,2
DA:15,0
DA:19,0
DA:22,2
LF:10
LH:8
BRDA:7,0,0,18
BRDA:7,0,1,18
BRF:2
BRH:2
end_of_record
TN:
SF:src\models\devOps\component.ts
FN:3,(anonymous_0)
FNF:1
FNH:1
FNDA:29,(anonymous_0)
DA:3,2
DA:5,2
LF:2
LH:2
BRF:0
BRH:0
end_of_record
TN:
SF:src\models\devOps\compositeComponent.ts
FN:4,(anonymous_6)
FN:8,CompositeComponent
FN:14,(anonymous_8)
FN:18,(anonymous_9)
FN:19,(anonymous_10)
FN:24,(anonymous_11)
FN:27,(anonymous_12)
FN:31,(anonymous_13)
FN:34,(anonymous_14)
FNF:9
FNH:8
FNDA:2,(anonymous_6)
FNDA:9,CompositeComponent
FNDA:18,(anonymous_8)
FNDA:9,(anonymous_9)
FNDA:18,(anonymous_10)
FNDA:27,(anonymous_11)
FNDA:9,(anonymous_12)
FNDA:0,(anonymous_13)
FNDA:9,(anonymous_14)
DA:1,2
DA:4,2
DA:9,9
DA:10,9
DA:11,9
DA:14,2
DA:15,18
DA:18,2
DA:19,9
DA:20,18
DA:24,2
DA:25,27
DA:28,9
DA:31,2
DA:32,0
DA:35,9
DA:37,2
LF:17
LH:16
BRDA:9,0,0,9
BRDA:9,0,1,9
BRF:2
BRH:2
end_of_record
TN:
SF:src\models\devOps\developmentPipeline.ts
FN:6,(anonymous_0)
FN:12,DevelopmentPipeline
FN:17,(anonymous_2)
FN:21,(anonymous_3)
FN:25,(anonymous_4)
FN:38,(anonymous_5)
FN:41,(anonymous_6)
FN:45,(anonymous_7)
FN:48,(anonymous_8)
FN:52,(anonymous_9)
FN:55,(anonymous_10)
FN:59,(anonymous_11)
FN:62,(anonymous_12)
FN:67,(anonymous_13)
FNF:14
FNH:11
FNDA:5,(anonymous_0)
FNDA:7,DevelopmentPipeline
FNDA:9,(anonymous_2)
FNDA:8,(anonymous_3)
FNDA:0,(anonymous_4)
FNDA:0,(anonymous_5)
FNDA:7,(anonymous_6)
FNDA:20,(anonymous_7)
FNDA:7,(anonymous_8)
FNDA:14,(anonymous_9)
FNDA:16,(anonymous_10)
FNDA:0,(anonymous_11)
FNDA:7,(anonymous_12)
FNDA:5,(anonymous_13)
DA:2,5
DA:6,5
DA:9,7
DA:13,7
DA:14,7
DA:17,5
DA:18,9
DA:21,5
DA:22,8
DA:25,5
DA:26,0
DA:27,0
DA:28,0
DA:29,0
DA:30,0
DA:31,0
DA:38,5
DA:39,0
DA:42,7
DA:45,5
DA:46,20
DA:49,7
DA:52,5
DA:53,14
DA:56,16
DA:59,5
DA:60,0
DA:63,7
DA:65,5
DA:67,5
DA:68,5
DA:69,5
DA:70,5
DA:71,5
LF:34
LH:26
BRDA:26,0,0,0
BRDA:27,1,0,0
BRDA:30,2,0,0
BRDA:67,3,0,5
BRDA:67,3,1,5
BRF:5
BRH:2
end_of_record
TN:
SF:src\models\devOps\map.ts
FN:4,(anonymous_6)
FN:5,Folder
FN:9,(anonymous_8)
FNF:3
FNH:3
FNDA:2,(anonymous_6)
FNDA:9,Folder
FNDA:9,(anonymous_8)
DA:1,2
DA:4,2
DA:6,9
DA:9,2
DA:10,9
DA:11,9
DA:13,2
LF:7
LH:7
BRDA:6,0,0,9
BRDA:6,0,1,0
BRF:2
BRH:1
end_of_record
TN:
SF:src\models\devOps\vistors\devOpsRunner.ts
FN:7,(anonymous_6)
FN:10,(anonymous_8)
FN:14,(anonymous_9)
FN:18,(anonymous_10)
FN:27,(anonymous_11)
FN:29,(anonymous_12)
FN:34,(anonymous_13)
FN:38,(anonymous_14)
FNF:8
FNH:6
FNDA:13,(anonymous_6)
FNDA:27,(anonymous_8)
FNDA:8,(anonymous_9)
FNDA:9,(anonymous_10)
FNDA:0,(anonymous_11)
FNDA:0,(anonymous_12)
FNDA:18,(anonymous_13)
FNDA:9,(anonymous_14)
DA:3,5
DA:4,5
DA:7,8
DA:8,8
DA:10,5
DA:11,27
DA:14,8
DA:15,8
DA:17,8
DA:18,3
DA:19,9
DA:21,3
DA:23,5
DA:27,5
DA:28,0
DA:29,0
DA:30,0
DA:34,5
DA:35,18
DA:38,5
DA:39,9
DA:41,5
LF:22
LH:19
BRDA:7,0,0,8
BRDA:7,0,1,8
BRDA:7,0,2,8
BRDA:17,1,0,3
BRDA:17,1,1,5
BRF:5
BRH:5
end_of_record
TN:
SF:src\models\devOps\vistors\vistor.ts
FN:6,(anonymous_0)
FNF:1
FNH:1
FNDA:13,(anonymous_0)
DA:6,5
DA:11,5
LF:2
LH:2
BRF:0
BRH:0
end_of_record
TN:
SF:src\models\forum\Message.ts
FN:3,(anonymous_0)
FN:8,Message
FN:15,(anonymous_2)
FN:19,(anonymous_3)
FN:23,(anonymous_4)
FN:27,(anonymous_5)
FN:31,(anonymous_6)
FN:35,(anonymous_7)
FNF:8
FNH:3
FNDA:1,(anonymous_0)
FNDA:7,Message
FNDA:0,(anonymous_2)
FNDA:0,(anonymous_3)
FNDA:0,(anonymous_4)
FNDA:0,(anonymous_5)
FNDA:10,(anonymous_6)
FNDA:0,(anonymous_7)
DA:3,1
DA:9,7
DA:10,7
DA:11,7
DA:15,1
DA:16,0
DA:20,0
DA:23,1
DA:24,0
DA:28,0
DA:31,1
DA:32,10
DA:36,0
DA:39,1
LF:14
LH:9
BRF:0
BRH:0
end_of_record
TN:
SF:src\models\forum\Thread.ts
FN:4,(anonymous_0)
FN:8,Thread
FN:14,(anonymous_2)
FN:20,(anonymous_3)
FN:23,(anonymous_4)
FN:24,(anonymous_5)
FN:27,(anonymous_6)
FN:33,(anonymous_7)
FN:41,(anonymous_8)
FN:45,(anonymous_9)
FN:49,(anonymous_10)
FN:53,(anonymous_11)
FNF:12
FNH:7
FNDA:6,(anonymous_0)
FNDA:3,Thread
FNDA:5,(anonymous_2)
FNDA:5,(anonymous_3)
FNDA:2,(anonymous_4)
FNDA:0,(anonymous_5)
FNDA:5,(anonymous_6)
FNDA:0,(anonymous_7)
FNDA:3,(anonymous_8)
FNDA:0,(anonymous_9)
FNDA:0,(anonymous_10)
FNDA:0,(anonymous_11)
DA:4,6
DA:9,3
DA:10,3
DA:11,3
DA:14,6
DA:15,5
DA:16,5
DA:17,5
DA:20,6
DA:21,5
DA:22,5
DA:23,2
DA:24,0
DA:27,6
DA:28,5
DA:29,3
DA:33,6
DA:34,0
DA:35,0
DA:36,0
DA:41,6
DA:42,3
DA:46,0
DA:49,6
DA:50,0
DA:54,0
DA:57,6
LF:27
LH:20
BRDA:28,0,0,3
BRDA:35,1,0,0
BRF:2
BRH:1
end_of_record
TN:
SF:src\models\notifications\emailSubscriber.ts
FN:4,(anonymous_0)
FN:9,EmailSubscriber
FN:14,(anonymous_2)
FN:19,(anonymous_3)
FN:22,(anonymous_4)
FN:26,(anonymous_5)
FN:29,(anonymous_6)
FNF:7
FNH:5
FNDA:1,(anonymous_0)
FNDA:7,EmailSubscriber
FNDA:7,(anonymous_2)
FNDA:7,(anonymous_3)
FNDA:0,(anonymous_4)
FNDA:7,(anonymous_5)
FNDA:0,(anonymous_6)
DA:4,1
DA:5,7
DA:10,7
DA:11,7
DA:14,1
DA:15,7
DA:16,7
DA:19,1
DA:20,7
DA:23,0
DA:26,1
DA:27,7
DA:30,0
DA:32,1
LF:14
LH:12
BRF:0
BRH:0
end_of_record
TN:
SF:src\models\notifications\slackSubscriber.ts
FN:5,(anonymous_0)
FN:10,SlackSubscriber
FN:15,(anonymous_2)
FN:21,(anonymous_3)
FN:24,(anonymous_4)
FN:28,(anonymous_5)
FN:31,(anonymous_6)
FNF:7
FNH:4
FNDA:1,(anonymous_0)
FNDA:2,SlackSubscriber
FNDA:1,(anonymous_2)
FNDA:0,(anonymous_3)
FNDA:0,(anonymous_4)
FNDA:1,(anonymous_5)
FNDA:0,(anonymous_6)
DA:5,1
DA:6,2
DA:11,2
DA:12,2
DA:15,1
DA:16,1
DA:17,1
DA:21,1
DA:22,0
DA:25,0
DA:28,1
DA:29,1
DA:32,0
DA:35,1
LF:14
LH:11
BRF:0
BRH:0
end_of_record
TN:
SF:src\models\notifications\smsSubscriber.ts
FN:5,(anonymous_0)
FN:11,SmsSubscriber
FN:16,(anonymous_2)
FN:22,(anonymous_3)
FN:25,(anonymous_4)
FN:29,(anonymous_5)
FN:32,(anonymous_6)
FNF:7
FNH:3
FNDA:1,(anonymous_0)
FNDA:2,SmsSubscriber
FNDA:2,(anonymous_2)
FNDA:0,(anonymous_3)
FNDA:0,(anonymous_4)
FNDA:0,(anonymous_5)
FNDA:0,(anonymous_6)
DA:5,1
DA:9,2
DA:12,2
DA:13,2
DA:16,1
DA:17,2
DA:18,2
DA:19,2
DA:22,1
DA:23,0
DA:26,0
DA:29,1
DA:30,0
DA:33,0
DA:36,1
LF:15
LH:11
BRF:0
BRH:0
end_of_record
TN:
SF:src\models\notifications\API\emailSender.ts
FN:1,(anonymous_0)
FN:2,(anonymous_2)
FNF:2
FNH:2
FNDA:8,(anonymous_0)
FNDA:7,(anonymous_2)
DA:1,1
DA:2,1
DA:3,7
DA:5,1
LF:4
LH:4
BRF:0
BRH:0
end_of_record
TN:
SF:src\models\notifications\API\slackSender.ts
FN:1,(anonymous_0)
FN:2,(anonymous_2)
FNF:2
FNH:2
FNDA:3,(anonymous_0)
FNDA:1,(anonymous_2)
DA:1,1
DA:2,1
DA:3,1
DA:5,1
LF:4
LH:4
BRF:0
BRH:0
end_of_record
TN:
SF:src\models\notifications\API\smsSender.ts
FN:1,(anonymous_0)
FN:2,(anonymous_2)
FNF:2
FNH:2
FNDA:3,(anonymous_0)
FNDA:2,(anonymous_2)
DA:1,1
DA:2,1
DA:3,2
DA:5,1
LF:4
LH:4
BRF:0
BRH:0
end_of_record
TN:
SF:src\models\productBacklogItem\productBacklog.ts
FN:3,(anonymous_0)
FN:6,ProductBacklog
FN:10,(anonymous_2)
FN:15,(anonymous_3)
FN:16,(anonymous_4)
FNF:5
FNH:5
FNDA:1,(anonymous_0)
FNDA:1,ProductBacklog
FNDA:2,(anonymous_2)
FNDA:1,(anonymous_3)
FNDA:1,(anonymous_4)
DA:3,1
DA:7,1
DA:10,1
DA:11,2
DA:15,1
DA:16,1
DA:18,1
LF:7
LH:7
BRF:0
BRH:0
end_of_record
TN:
SF:src\models\productBacklogItem\productBacklogItem.ts
FN:11,(anonymous_0)
FN:21,ProductBacklogItem
FN:28,(anonymous_2)
FN:32,(anonymous_3)
FN:37,(anonymous_4)
FN:41,(anonymous_5)
FN:45,(anonymous_6)
FN:52,(anonymous_7)
FN:55,(anonymous_8)
FN:59,(anonymous_9)
FN:62,(anonymous_10)
FN:66,(anonymous_11)
FN:69,(anonymous_12)
FN:73,(anonymous_13)
FN:76,(anonymous_14)
FN:80,(anonymous_15)
FN:83,(anonymous_16)
FN:87,(anonymous_17)
FN:90,(anonymous_18)
FN:94,(anonymous_19)
FN:97,(anonymous_20)
FN:101,(anonymous_21)
FN:104,(anonymous_22)
FNF:23
FNH:14
FNDA:6,(anonymous_0)
FNDA:20,ProductBacklogItem
FNDA:0,(anonymous_2)
FNDA:1,(anonymous_3)
FNDA:1,(anonymous_4)
FNDA:3,(anonymous_5)
FNDA:4,(anonymous_6)
FNDA:0,(anonymous_7)
FNDA:0,(anonymous_8)
FNDA:3,(anonymous_9)
FNDA:0,(anonymous_10)
FNDA:2,(anonymous_11)
FNDA:0,(anonymous_12)
FNDA:1,(anonymous_13)
FNDA:0,(anonymous_14)
FNDA:0,(anonymous_15)
FNDA:0,(anonymous_16)
FNDA:38,(anonymous_17)
FNDA:30,(anonymous_18)
FNDA:19,(anonymous_19)
FNDA:3,(anonymous_20)
FNDA:5,(anonymous_21)
FNDA:0,(anonymous_22)
DA:2,6
DA:7,6
DA:9,6
DA:11,6
DA:22,20
DA:23,20
DA:24,20
DA:25,20
DA:28,6
DA:29,0
DA:32,6
DA:33,1
DA:34,1
DA:37,6
DA:38,1
DA:41,6
DA:42,3
DA:45,6
DA:46,4
DA:47,2
DA:52,6
DA:53,0
DA:56,0
DA:59,6
DA:60,3
DA:63,0
DA:66,6
DA:67,2
DA:70,0
DA:73,6
DA:74,1
DA:77,0
DA:80,6
DA:81,0
DA:84,0
DA:87,6
DA:88,38
DA:91,30
DA:94,6
DA:95,19
DA:98,3
DA:101,6
DA:102,5
DA:105,0
DA:107,6
LF:45
LH:36
BRDA:46,0,0,2
BRDA:46,1,0,4
BRDA:46,1,1,3
BRF:3
BRH:3
end_of_record
TN:
SF:src\models\productBacklogItem\states\doingState.ts
FN:8,(anonymous_0)
FN:11,DoingState
FN:15,(anonymous_2)
FN:18,(anonymous_3)
FN:21,(anonymous_4)
FN:30,(anonymous_5)
FN:33,(anonymous_6)
FN:36,(anonymous_7)
FN:40,(anonymous_8)
FNF:9
FNH:4
FNDA:6,(anonymous_0)
FNDA:9,DoingState
FNDA:0,(anonymous_2)
FNDA:0,(anonymous_3)
FNDA:8,(anonymous_4)
FNDA:0,(anonymous_5)
FNDA:0,(anonymous_6)
FNDA:0,(anonymous_7)
FNDA:8,(anonymous_8)
DA:1,6
DA:2,6
DA:6,6
DA:8,6
DA:12,9
DA:15,6
DA:16,0
DA:18,6
DA:19,0
DA:21,6
DA:22,8
DA:24,8
DA:25,8
DA:30,6
DA:31,0
DA:33,6
DA:34,0
DA:36,6
DA:37,0
DA:40,6
DA:41,8
DA:42,9
DA:43,9
DA:44,3
DA:49,6
LF:25
LH:20
BRDA:22,0,0,8
BRDA:41,1,0,3
BRDA:41,2,0,8
BRDA:41,2,1,3
BRDA:43,3,0,3
BRF:5
BRH:5
end_of_record
TN:
SF:src\models\productBacklogItem\states\doneState.ts
FN:5,(anonymous_0)
FN:8,DoneState
FN:12,(anonymous_2)
FN:15,(anonymous_3)
FN:18,(anonymous_4)
FN:21,(anonymous_5)
FN:24,(anonymous_6)
FN:27,(anonymous_7)
FNF:8
FNH:2
FNDA:6,(anonymous_0)
FNDA:2,DoneState
FNDA:0,(anonymous_2)
FNDA:0,(anonymous_3)
FNDA:0,(anonymous_4)
FNDA:0,(anonymous_5)
FNDA:0,(anonymous_6)
FNDA:0,(anonymous_7)
DA:5,6
DA:9,2
DA:12,6
DA:13,0
DA:15,6
DA:16,0
DA:18,6
DA:19,0
DA:21,6
DA:22,0
DA:24,6
DA:25,0
DA:27,6
DA:28,0
DA:31,6
LF:15
LH:9
BRF:0
BRH:0
end_of_record
TN:
SF:src\models\productBacklogItem\states\readyForTestingState.ts
FN:9,(anonymous_0)
FN:12,ReadyForTestingState
FN:16,(anonymous_2)
FN:25,(anonymous_3)
FN:28,(anonymous_4)
FN:31,(anonymous_5)
FN:34,(anonymous_6)
FN:37,(anonymous_7)
FN:41,(anonymous_8)
FNF:9
FNH:5
FNDA:6,(anonymous_0)
FNDA:9,ReadyForTestingState
FNDA:1,(anonymous_2)
FNDA:0,(anonymous_3)
FNDA:0,(anonymous_4)
FNDA:5,(anonymous_5)
FNDA:0,(anonymous_6)
FNDA:0,(anonymous_7)
FNDA:1,(anonymous_8)
DA:1,6
DA:2,6
DA:6,6
DA:7,6
DA:9,6
DA:13,9
DA:16,6
DA:17,1
DA:19,1
DA:20,1
DA:25,6
DA:26,0
DA:28,6
DA:29,0
DA:31,6
DA:32,5
DA:34,6
DA:35,0
DA:37,6
DA:38,0
DA:41,6
DA:42,1
DA:43,3
DA:44,3
DA:45,1
DA:50,6
LF:26
LH:22
BRDA:17,0,0,1
BRDA:42,1,0,1
BRDA:42,2,0,1
BRDA:42,2,1,1
BRDA:44,3,0,1
BRF:5
BRH:5
end_of_record
TN:
SF:src\models\productBacklogItem\states\testedState.ts
FN:9,(anonymous_0)
FN:12,TestedState
FN:16,(anonymous_2)
FN:19,(anonymous_3)
FN:23,(anonymous_4)
FN:32,(anonymous_5)
FN:35,(anonymous_6)
FN:38,(anonymous_7)
FN:39,(anonymous_8)
FN:44,(anonymous_9)
FNF:10
FNH:5
FNDA:6,(anonymous_0)
FNDA:4,TestedState
FNDA:0,(anonymous_2)
FNDA:0,(anonymous_3)
FNDA:1,(anonymous_4)
FNDA:0,(anonymous_5)
FNDA:0,(anonymous_6)
FNDA:2,(anonymous_7)
FNDA:0,(anonymous_8)
FNDA:1,(anonymous_9)
DA:1,6
DA:2,6
DA:5,6
DA:7,6
DA:9,6
DA:13,4
DA:16,6
DA:17,0
DA:19,6
DA:20,0
DA:23,6
DA:24,1
DA:26,1
DA:27,1
DA:32,6
DA:33,0
DA:35,6
DA:36,0
DA:38,6
DA:39,2
DA:40,2
DA:44,6
DA:45,1
DA:46,1
DA:47,3
DA:48,3
DA:49,1
DA:54,6
LF:28
LH:24
BRDA:24,0,0,1
BRDA:39,1,0,2
BRDA:39,2,0,2
BRDA:39,2,1,2
BRDA:39,2,2,2
BRDA:39,2,3,0
BRDA:45,3,0,1
BRDA:48,4,0,1
BRF:8
BRH:7
end_of_record
TN:
SF:src\models\productBacklogItem\states\testingState.ts
FN:7,(anonymous_0)
FN:10,TestingState
FN:14,(anonymous_2)
FN:17,(anonymous_3)
FN:20,(anonymous_4)
FN:23,(anonymous_5)
FN:26,(anonymous_6)
FN:29,(anonymous_7)
FNF:8
FNH:3
FNDA:6,(anonymous_0)
FNDA:5,TestingState
FNDA:0,(anonymous_2)
FNDA:0,(anonymous_3)
FNDA:0,(anonymous_4)
FNDA:0,(anonymous_5)
FNDA:4,(anonymous_6)
FNDA:0,(anonymous_7)
DA:4,6
DA:7,6
DA:11,5
DA:14,6
DA:15,0
DA:17,6
DA:18,0
DA:20,6
DA:21,0
DA:23,6
DA:24,0
DA:26,6
DA:27,4
DA:29,6
DA:30,0
DA:32,6
LF:16
LH:11
BRF:0
BRH:0
end_of_record
TN:
SF:src\models\productBacklogItem\states\todoState.ts
FN:5,(anonymous_0)
FN:8,TodoState
FN:12,(anonymous_2)
FN:15,(anonymous_3)
FN:18,(anonymous_4)
FN:21,(anonymous_5)
FN:24,(anonymous_6)
FN:27,(anonymous_7)
FNF:8
FNH:4
FNDA:6,(anonymous_0)
FNDA:21,TodoState
FNDA:0,(anonymous_2)
FNDA:9,(anonymous_3)
FNDA:1,(anonymous_4)
FNDA:0,(anonymous_5)
FNDA:0,(anonymous_6)
FNDA:0,(anonymous_7)
DA:2,6
DA:5,6
DA:9,21
DA:12,6
DA:13,0
DA:15,6
DA:16,9
DA:18,6
DA:19,1
DA:21,6
DA:22,0
DA:24,6
DA:25,0
DA:27,6
DA:28,0
DA:30,6
LF:16
LH:12
BRF:0
BRH:0
end_of_record
TN:
SF:src\models\sprintReport\sprintReport.ts
FN:4,(anonymous_0)
FN:8,SprintReport
FN:13,(anonymous_2)
FN:17,(anonymous_3)
FN:21,(anonymous_4)
FN:25,(anonymous_5)
FN:29,(anonymous_6)
FN:33,(anonymous_7)
FN:37,(anonymous_8)
FN:40,(anonymous_9)
FN:44,(anonymous_10)
FN:47,(anonymous_11)
FNF:12
FNH:10
FNDA:6,(anonymous_0)
FNDA:5,SprintReport
FNDA:5,(anonymous_2)
FNDA:5,(anonymous_3)
FNDA:5,(anonymous_4)
FNDA:5,(anonymous_5)
FNDA:3,(anonymous_6)
FNDA:3,(anonymous_7)
FNDA:7,(anonymous_8)
FNDA:0,(anonymous_9)
FNDA:5,(anonymous_10)
FNDA:0,(anonymous_11)
DA:2,6
DA:4,6
DA:8,5
DA:9,5
DA:10,5
DA:13,6
DA:14,5
DA:17,6
DA:18,5
DA:21,6
DA:22,5
DA:25,6
DA:26,5
DA:29,6
DA:30,3
DA:33,6
DA:34,3
DA:37,6
DA:38,7
DA:41,0
DA:44,6
DA:45,5
DA:48,0
DA:50,6
LF:24
LH:22
BRF:0
BRH:0
end_of_record
TN:
SF:src\models\sprintReport\sprintReportComponent.ts
FN:1,(anonymous_0)
FN:8,SprintReportComponent
FN:16,(anonymous_2)
FN:21,(anonymous_3)
FN:24,(anonymous_4)
FN:28,(anonymous_5)
FN:31,(anonymous_6)
FN:35,(anonymous_7)
FN:38,(anonymous_8)
FN:42,(anonymous_9)
FN:45,(anonymous_10)
FN:49,(anonymous_11)
FN:52,(anonymous_12)
FNF:13
FNH:3
FNDA:6,(anonymous_0)
FNDA:10,SprintReportComponent
FNDA:10,(anonymous_2)
FNDA:0,(anonymous_3)
FNDA:0,(anonymous_4)
FNDA:0,(anonymous_5)
FNDA:0,(anonymous_6)
FNDA:0,(anonymous_7)
FNDA:0,(anonymous_8)
FNDA:0,(anonymous_9)
FNDA:0,(anonymous_10)
FNDA:0,(anonymous_11)
FNDA:0,(anonymous_12)
DA:1,6
DA:9,10
DA:10,10
DA:11,10
DA:12,10
DA:13,10
DA:16,6
DA:17,10
DA:21,6
DA:22,0
DA:25,0
DA:28,6
DA:29,0
DA:32,0
DA:35,6
DA:36,0
DA:39,0
DA:42,6
DA:43,0
DA:46,0
DA:49,6
DA:50,0
DA:53,0
DA:55,6
LF:24
LH:14
BRF:0
BRH:0
end_of_record
TN:
SF:src\models\sprintReport\Behaviour\imageReportBehaviour.ts
FN:5,(anonymous_6)
FN:6,(anonymous_8)
FN:10,(anonymous_9)
FNF:3
FNH:2
FNDA:9,(anonymous_6)
FNDA:3,(anonymous_8)
FNDA:0,(anonymous_9)
DA:3,6
DA:5,6
DA:6,6
DA:7,3
DA:10,3
DA:11,0
DA:12,0
DA:16,6
LF:8
LH:6
BRDA:11,0,0,0
BRF:1
BRH:0
end_of_record
TN:
SF:src\models\sprintReport\Behaviour\pdfReportBehaviour.ts
FN:5,(anonymous_6)
FN:6,(anonymous_8)
FN:10,(anonymous_9)
FNF:3
FNH:2
FNDA:8,(anonymous_6)
FNDA:2,(anonymous_8)
FNDA:0,(anonymous_9)
DA:1,6
DA:5,6
DA:6,6
DA:7,2
DA:10,2
DA:11,0
DA:12,0
DA:16,6
LF:8
LH:6
BRDA:11,0,0,0
BRF:1
BRH:0
end_of_record
TN:
SF:src\models\sprints\sprint.ts
FN:10,(anonymous_0)
FN:20,Sprint
FN:30,(anonymous_2)
FN:35,(anonymous_3)
FN:42,(anonymous_4)
FN:48,(anonymous_5)
FN:55,(anonymous_6)
FN:59,(anonymous_7)
FN:65,(anonymous_8)
FN:69,(anonymous_9)
FN:73,(anonymous_10)
FN:77,(anonymous_11)
FN:81,(anonymous_12)
FN:85,(anonymous_13)
FN:91,(anonymous_14)
FN:95,(anonymous_15)
FN:101,(anonymous_16)
FN:105,(anonymous_17)
FN:109,(anonymous_18)
FN:113,(anonymous_19)
FN:117,(anonymous_20)
FN:121,(anonymous_21)
FN:126,(anonymous_22)
FN:141,(anonymous_23)
FNF:24
FNH:22
FNDA:5,(anonymous_0)
FNDA:29,Sprint
FNDA:7,(anonymous_2)
FNDA:8,(anonymous_3)
FNDA:25,(anonymous_4)
FNDA:5,(anonymous_5)
FNDA:4,(anonymous_6)
FNDA:2,(anonymous_7)
FNDA:1,(anonymous_8)
FNDA:1,(anonymous_9)
FNDA:18,(anonymous_10)
FNDA:1,(anonymous_11)
FNDA:6,(anonymous_12)
FNDA:2,(anonymous_13)
FNDA:17,(anonymous_14)
FNDA:2,(anonymous_15)
FNDA:13,(anonymous_16)
FNDA:4,(anonymous_17)
FNDA:7,(anonymous_18)
FNDA:0,(anonymous_19)
FNDA:21,(anonymous_20)
FNDA:0,(anonymous_21)
FNDA:1,(anonymous_22)
FNDA:2,(anonymous_23)
DA:2,5
DA:5,5
DA:6,5
DA:7,5
DA:10,5
DA:21,29
DA:22,29
DA:23,29
DA:24,29
DA:25,29
DA:30,5
DA:31,7
DA:32,7
DA:35,5
DA:36,8
DA:37,8
DA:38,8
DA:42,5
DA:43,25
DA:44,25
DA:48,5
DA:49,5
DA:50,4
DA:55,5
DA:56,4
DA:60,2
DA:61,0
DA:65,5
DA:66,1
DA:70,1
DA:73,5
DA:74,18
DA:78,1
DA:81,5
DA:82,6
DA:86,2
DA:87,0
DA:91,5
DA:92,17
DA:96,2
DA:97,0
DA:101,5
DA:102,13
DA:106,4
DA:109,5
DA:110,7
DA:114,0
DA:117,5
DA:118,21
DA:122,0
DA:126,5
DA:127,1
DA:129,1
DA:130,1
DA:131,1
DA:132,1
DA:133,1
DA:135,1
DA:137,1
DA:138,1
DA:141,5
DA:142,2
DA:144,2
DA:145,2
DA:146,2
DA:147,2
DA:148,2
DA:150,2
DA:152,2
DA:153,2
DA:155,5
LF:71
LH:66
BRDA:36,0,0,8
BRDA:43,1,0,25
BRDA:49,2,0,4
BRDA:60,3,0,0
BRDA:86,4,0,0
BRDA:96,5,0,0
BRF:6
BRH:3
end_of_record
TN:
SF:src\models\sprints\sprintFactory.ts
FN:5,(anonymous_0)
FN:6,(anonymous_2)
FN:18,(anonymous_3)
FNF:3
FNH:3
FNDA:5,(anonymous_0)
FNDA:29,(anonymous_2)
FNDA:5,(anonymous_3)
DA:1,5
DA:2,5
DA:5,5
DA:6,5
DA:7,29
DA:9,14
DA:11,15
DA:13,0
DA:16,5
DA:18,5
DA:19,5
DA:20,5
LF:12
LH:11
BRDA:7,0,0,14
BRDA:7,0,1,15
BRDA:7,0,2,0
BRDA:18,1,0,5
BRDA:18,1,1,5
BRF:5
BRH:4
end_of_record
TN:
SF:src\models\sprints\releaseSprint\releaseSprint.ts
FN:6,(anonymous_6)
FN:9,ReleaseSprint
FN:14,(anonymous_8)
FN:18,(anonymous_9)
FN:22,(anonymous_10)
FN:25,(anonymous_11)
FNF:6
FNH:5
FNDA:5,(anonymous_6)
FNDA:15,ReleaseSprint
FNDA:15,(anonymous_8)
FNDA:0,(anonymous_9)
FNDA:31,(anonymous_10)
FNDA:31,(anonymous_11)
DA:1,5
DA:2,5
DA:3,5
DA:6,5
DA:10,15
DA:11,15
DA:14,5
DA:15,15
DA:18,5
DA:19,0
DA:22,5
DA:23,31
DA:26,31
DA:29,5
LF:14
LH:13
BRDA:10,0,0,15
BRDA:10,0,1,15
BRF:2
BRH:2
end_of_record
TN:
SF:src\models\sprints\releaseSprint\states\cancelledState.ts
FN:6,(anonymous_0)
FN:9,CancelledState
FN:13,(anonymous_2)
FN:16,(anonymous_3)
FN:19,(anonymous_4)
FN:22,(anonymous_5)
FN:25,(anonymous_6)
FN:28,(anonymous_7)
FNF:8
FNH:3
FNDA:5,(anonymous_0)
FNDA:3,CancelledState
FNDA:0,(anonymous_2)
FNDA:0,(anonymous_3)
FNDA:1,(anonymous_4)
FNDA:0,(anonymous_5)
FNDA:0,(anonymous_6)
FNDA:0,(anonymous_7)
DA:4,5
DA:6,5
DA:10,3
DA:13,5
DA:14,0
DA:16,5
DA:17,0
DA:19,5
DA:20,1
DA:22,5
DA:23,0
DA:25,5
DA:26,0
DA:28,5
DA:29,0
DA:31,5
LF:16
LH:11
BRF:0
BRH:0
end_of_record
TN:
SF:src\models\sprints\releaseSprint\states\completedState.ts
FN:5,(anonymous_0)
FN:9,CompletedState
FN:13,(anonymous_2)
FN:16,(anonymous_3)
FN:19,(anonymous_4)
FN:22,(anonymous_5)
FN:25,(anonymous_6)
FN:28,(anonymous_7)
FNF:8
FNH:3
FNDA:5,(anonymous_0)
FNDA:3,CompletedState
FNDA:1,(anonymous_2)
FNDA:0,(anonymous_3)
FNDA:0,(anonymous_4)
FNDA:0,(anonymous_5)
FNDA:0,(anonymous_6)
FNDA:0,(anonymous_7)
DA:5,5
DA:10,3
DA:13,5
DA:14,1
DA:16,5
DA:17,0
DA:19,5
DA:20,0
DA:22,5
DA:23,0
DA:25,5
DA:26,0
DA:28,5
DA:29,0
DA:32,5
LF:15
LH:10
BRF:0
BRH:0
end_of_record
TN:
SF:src\models\sprints\releaseSprint\states\createdState.ts
FN:8,(anonymous_0)
FN:11,CreatedState
FN:15,(anonymous_2)
FN:18,(anonymous_3)
FN:23,(anonymous_4)
FN:26,(anonymous_5)
FN:29,(anonymous_6)
FN:32,(anonymous_7)
FNF:8
FNH:3
FNDA:5,(anonymous_0)
FNDA:15,CreatedState
FNDA:0,(anonymous_2)
FNDA:10,(anonymous_3)
FNDA:0,(anonymous_4)
FNDA:0,(anonymous_5)
FNDA:0,(anonymous_6)
FNDA:0,(anonymous_7)
DA:1,5
DA:4,5
DA:8,5
DA:12,15
DA:15,5
DA:16,0
DA:18,5
DA:19,10
DA:20,10
DA:23,5
DA:24,0
DA:26,5
DA:27,0
DA:29,5
DA:30,0
DA:32,5
DA:33,0
DA:37,5
LF:18
LH:13
BRDA:19,0,0,10
BRF:1
BRH:1
end_of_record
TN:
SF:src\models\sprints\releaseSprint\states\finishedState.ts
FN:10,(anonymous_0)
FN:13,FinishedState
FN:17,(anonymous_2)
FN:20,(anonymous_3)
FN:23,(anonymous_4)
FN:27,(anonymous_5)
FN:46,(anonymous_6)
FN:49,(anonymous_7)
FN:54,(anonymous_8)
FNF:9
FNH:4
FNDA:5,(anonymous_0)
FNDA:8,FinishedState
FNDA:0,(anonymous_2)
FNDA:0,(anonymous_3)
FNDA:0,(anonymous_4)
FNDA:7,(anonymous_5)
FNDA:0,(anonymous_6)
FNDA:0,(anonymous_7)
FNDA:7,(anonymous_8)
DA:1,5
DA:2,5
DA:5,5
DA:6,5
DA:8,5
DA:10,5
DA:14,8
DA:17,5
DA:18,0
DA:20,5
DA:21,0
DA:23,5
DA:24,0
DA:27,5
DA:28,7
DA:29,7
DA:30,7
DA:32,7
DA:33,3
DA:34,3
DA:35,4
DA:36,4
DA:37,4
DA:38,1
DA:39,1
DA:42,3
DA:46,5
DA:47,0
DA:49,5
DA:50,0
DA:51,0
DA:54,5
DA:55,7
DA:56,14
DA:57,9
DA:58,3
DA:62,7
DA:63,3
DA:66,5
LF:39
LH:33
BRDA:32,0,0,3
BRDA:32,0,1,4
BRDA:32,1,0,7
BRDA:32,1,1,7
BRDA:35,2,0,4
BRDA:37,3,0,1
BRDA:37,3,1,3
BRDA:37,4,0,4
BRDA:37,4,1,1
BRDA:57,5,0,3
BRDA:62,6,0,3
BRDA:62,7,0,7
BRDA:62,7,1,3
BRF:13
BRH:13
end_of_record
TN:
SF:src\models\sprints\releaseSprint\states\inProgressState.ts
FN:6,(anonymous_0)
FN:9,InProgressState
FN:13,(anonymous_2)
FN:16,(anonymous_3)
FN:19,(anonymous_4)
FN:25,(anonymous_5)
FN:28,(anonymous_6)
FN:31,(anonymous_7)
FNF:8
FNH:3
FNDA:5,(anonymous_0)
FNDA:10,InProgressState
FNDA:0,(anonymous_2)
FNDA:0,(anonymous_3)
FNDA:7,(anonymous_4)
FNDA:0,(anonymous_5)
FNDA:0,(anonymous_6)
FNDA:0,(anonymous_7)
DA:3,5
DA:6,5
DA:10,10
DA:13,5
DA:14,0
DA:16,5
DA:17,0
DA:19,5
DA:20,7
DA:22,7
DA:25,5
DA:26,0
DA:28,5
DA:29,0
DA:31,5
DA:32,0
DA:35,5
LF:17
LH:12
BRDA:20,0,0,7
BRF:1
BRH:1
end_of_record
TN:
SF:src\models\sprints\releaseSprint\states\releaseState.ts
FN:9,(anonymous_0)
FN:12,ReleaseState
FN:16,(anonymous_2)
FN:19,(anonymous_3)
FN:22,(anonymous_4)
FN:25,(anonymous_5)
FN:30,(anonymous_6)
FN:33,(anonymous_7)
FNF:8
FNH:2
FNDA:5,(anonymous_0)
FNDA:7,ReleaseState
FNDA:0,(anonymous_2)
FNDA:0,(anonymous_3)
FNDA:0,(anonymous_4)
FNDA:0,(anonymous_5)
FNDA:0,(anonymous_6)
FNDA:0,(anonymous_7)
DA:1,5
DA:4,5
DA:5,5
DA:9,5
DA:13,7
DA:16,5
DA:17,0
DA:19,5
DA:20,0
DA:22,5
DA:23,0
DA:25,5
DA:26,0
DA:27,0
DA:30,5
DA:31,0
DA:33,5
DA:34,0
DA:36,5
LF:19
LH:12
BRDA:26,0,0,0
BRDA:26,1,0,0
BRDA:26,1,1,0
BRF:3
BRH:0
end_of_record
TN:
SF:src\models\sprints\reviewSprint\reviewSprint.ts
FN:6,(anonymous_6)
FN:10,ReviewSprint
FN:15,(anonymous_8)
FN:19,(anonymous_9)
FN:22,(anonymous_10)
FN:27,(anonymous_11)
FN:30,(anonymous_12)
FN:34,(anonymous_13)
FN:37,(anonymous_14)
FNF:9
FNH:6
FNDA:5,(anonymous_6)
FNDA:14,ReviewSprint
FNDA:0,(anonymous_8)
FNDA:16,(anonymous_9)
FNDA:5,(anonymous_10)
FNDA:18,(anonymous_11)
FNDA:12,(anonymous_12)
FNDA:0,(anonymous_13)
FNDA:0,(anonymous_14)
DA:1,5
DA:2,5
DA:3,5
DA:6,5
DA:11,14
DA:12,14
DA:15,5
DA:16,0
DA:19,5
DA:20,16
DA:22,5
DA:23,5
DA:27,5
DA:28,18
DA:31,12
DA:34,5
DA:35,0
DA:38,0
DA:40,5
LF:19
LH:16
BRDA:11,0,0,14
BRDA:11,0,1,14
BRF:2
BRH:2
end_of_record
TN:
SF:src\models\sprints\reviewSprint\states\completedState.ts
FN:5,(anonymous_0)
FN:8,CompletedState
FN:12,(anonymous_2)
FN:15,(anonymous_3)
FN:18,(anonymous_4)
FN:21,(anonymous_5)
FN:24,(anonymous_6)
FNF:7
FNH:2
FNDA:5,(anonymous_0)
FNDA:1,CompletedState
FNDA:0,(anonymous_2)
FNDA:0,(anonymous_3)
FNDA:0,(anonymous_4)
FNDA:0,(anonymous_5)
FNDA:0,(anonymous_6)
DA:5,5
DA:9,1
DA:12,5
DA:13,0
DA:15,5
DA:16,0
DA:18,5
DA:19,0
DA:21,5
DA:22,0
DA:24,5
DA:25,0
DA:28,5
LF:13
LH:8
BRF:0
BRH:0
end_of_record
TN:
SF:src\models\sprints\reviewSprint\states\createdState.ts
FN:8,(anonymous_0)
FN:11,CreatedState
FN:15,(anonymous_2)
FN:19,(anonymous_3)
FN:25,(anonymous_4)
FN:29,(anonymous_5)
FN:33,(anonymous_6)
FNF:7
FNH:3
FNDA:5,(anonymous_0)
FNDA:14,CreatedState
FNDA:0,(anonymous_2)
FNDA:7,(anonymous_3)
FNDA:0,(anonymous_4)
FNDA:0,(anonymous_5)
FNDA:0,(anonymous_6)
DA:2,5
DA:5,5
DA:8,5
DA:12,14
DA:15,5
DA:16,0
DA:19,5
DA:20,7
DA:21,7
DA:25,5
DA:26,0
DA:29,5
DA:30,0
DA:33,5
DA:34,0
DA:37,5
LF:16
LH:12
BRDA:20,0,0,7
BRF:1
BRH:1
end_of_record
TN:
SF:src\models\sprints\reviewSprint\states\finishedState.ts
FN:7,(anonymous_0)
FN:10,FinishedState
FN:14,(anonymous_2)
FN:17,(anonymous_3)
FN:20,(anonymous_4)
FN:23,(anonymous_5)
FN:26,(anonymous_6)
FNF:7
FNH:3
FNDA:5,(anonymous_0)
FNDA:3,FinishedState
FNDA:0,(anonymous_2)
FNDA:0,(anonymous_3)
FNDA:0,(anonymous_4)
FNDA:1,(anonymous_5)
FNDA:0,(anonymous_6)
DA:5,5
DA:7,5
DA:11,3
DA:14,5
DA:15,0
DA:17,5
DA:18,0
DA:20,5
DA:21,0
DA:23,5
DA:24,1
DA:26,5
DA:27,0
DA:29,5
LF:14
LH:10
BRF:0
BRH:0
end_of_record
TN:
SF:src\models\sprints\reviewSprint\states\inProgressState.ts
FN:6,(anonymous_0)
FN:9,InProgressState
FN:13,(anonymous_2)
FN:17,(anonymous_3)
FN:21,(anonymous_4)
FN:28,(anonymous_5)
FN:31,(anonymous_6)
FNF:7
FNH:3
FNDA:5,(anonymous_0)
FNDA:7,InProgressState
FNDA:0,(anonymous_2)
FNDA:0,(anonymous_3)
FNDA:4,(anonymous_4)
FNDA:0,(anonymous_5)
FNDA:0,(anonymous_6)
DA:1,5
DA:6,5
DA:10,7
DA:13,5
DA:14,0
DA:17,5
DA:18,0
DA:21,5
DA:22,4
DA:24,3
DA:28,5
DA:29,0
DA:31,5
DA:32,0
DA:35,5
LF:15
LH:11
BRDA:22,0,0,3
BRF:1
BRH:1
end_of_record
TN:
SF:src\models\sprints\reviewSprint\states\reviewState.ts
FN:10,(anonymous_0)
FN:13,ReviewState
FN:17,(anonymous_2)
FN:20,(anonymous_3)
FN:23,(anonymous_4)
FN:26,(anonymous_5)
FN:29,(anonymous_6)
FNF:7
FNH:3
FNDA:5,(anonymous_0)
FNDA:1,ReviewState
FNDA:0,(anonymous_2)
FNDA:0,(anonymous_3)
FNDA:0,(anonymous_4)
FNDA:0,(anonymous_5)
FNDA:1,(anonymous_6)
DA:2,5
DA:5,5
DA:6,5
DA:10,5
DA:14,1
DA:17,5
DA:18,0
DA:20,5
DA:21,0
DA:23,5
DA:24,0
DA:26,5
DA:27,0
DA:29,5
DA:30,1
DA:32,1
DA:35,5
LF:17
LH:13
BRDA:30,0,0,1
BRDA:30,1,0,1
BRDA:30,1,1,1
BRF:3
BRH:3
end_of_record
TN:
SF:src\models\tasks\task.ts
FN:6,(anonymous_0)
FN:13,Task
FN:18,(anonymous_2)
FN:21,(anonymous_3)
FN:25,(anonymous_4)
FN:28,(anonymous_5)
FN:32,(anonymous_6)
FN:35,(anonymous_7)
FN:39,(anonymous_8)
FN:42,(anonymous_9)
FNF:10
FNH:7
FNDA:1,(anonymous_0)
FNDA:9,Task
FNDA:0,(anonymous_2)
FNDA:0,(anonymous_3)
FNDA:0,(anonymous_4)
FNDA:1,(anonymous_5)
FNDA:7,(anonymous_6)
FNDA:8,(anonymous_7)
FNDA:34,(anonymous_8)
FNDA:16,(anonymous_9)
DA:4,1
DA:6,1
DA:14,9
DA:15,9
DA:18,1
DA:19,0
DA:22,0
DA:25,1
DA:26,0
DA:29,1
DA:32,1
DA:33,7
DA:36,8
DA:39,1
DA:40,34
DA:43,16
DA:45,1
LF:17
LH:14
BRF:0
BRH:0
end_of_record
TN:
SF:src\models\tasks\states\doingState.ts
FN:6,(anonymous_0)
FN:8,DoingState
FN:12,(anonymous_2)
FN:15,(anonymous_3)
FN:18,(anonymous_4)
FN:21,(anonymous_5)
FNF:6
FNH:3
FNDA:1,(anonymous_0)
FNDA:7,DoingState
FNDA:0,(anonymous_2)
FNDA:0,(anonymous_3)
FNDA:5,(anonymous_4)
FNDA:0,(anonymous_5)
DA:3,1
DA:4,1
DA:6,1
DA:9,7
DA:12,1
DA:13,0
DA:15,1
DA:16,0
DA:18,1
DA:19,5
DA:21,1
DA:22,0
DA:24,1
LF:13
LH:10
BRF:0
BRH:0
end_of_record
TN:
SF:src\models\tasks\states\doneState.ts
FN:4,(anonymous_0)
FN:8,DoneState
FN:12,(anonymous_2)
FN:15,(anonymous_3)
FN:18,(anonymous_4)
FN:21,(anonymous_5)
FNF:6
FNH:5
FNDA:1,(anonymous_0)
FNDA:4,DoneState
FNDA:2,(anonymous_2)
FNDA:1,(anonymous_3)
FNDA:1,(anonymous_4)
FNDA:0,(anonymous_5)
DA:4,1
DA:9,4
DA:12,1
DA:13,2
DA:15,1
DA:16,1
DA:18,1
DA:19,1
DA:21,1
DA:22,0
DA:25,1
LF:11
LH:10
BRF:0
BRH:0
end_of_record
TN:
SF:src\models\tasks\states\testingState.ts
FN:6,(anonymous_0)
FN:8,TestingState
FN:12,(anonymous_2)
FN:15,(anonymous_3)
FN:18,(anonymous_4)
FN:21,(anonymous_5)
FNF:6
FNH:4
FNDA:1,(anonymous_0)
FNDA:5,TestingState
FNDA:0,(anonymous_2)
FNDA:1,(anonymous_3)
FNDA:0,(anonymous_4)
FNDA:4,(anonymous_5)
DA:2,1
DA:4,1
DA:6,1
DA:9,5
DA:12,1
DA:13,0
DA:15,1
DA:16,1
DA:18,1
DA:19,0
DA:21,1
DA:22,4
DA:24,1
LF:13
LH:11
BRF:0
BRH:0
end_of_record
TN:
SF:src\models\tasks\states\todoState.ts
FN:5,(anonymous_0)
FN:8,TodoState
FN:12,(anonymous_2)
FN:15,(anonymous_3)
FN:22,(anonymous_4)
FN:25,(anonymous_5)
FNF:6
FNH:5
FNDA:1,(anonymous_0)
FNDA:9,TodoState
FNDA:0,(anonymous_2)
FNDA:7,(anonymous_3)
FNDA:1,(anonymous_4)
FNDA:1,(anonymous_5)
DA:2,1
DA:5,1
DA:9,9
DA:12,1
DA:13,0
DA:15,1
DA:16,7
DA:17,7
DA:19,0
DA:22,1
DA:23,1
DA:25,1
DA:26,1
DA:28,1
LF:14
LH:12
BRDA:16,0,0,7
BRDA:16,0,1,0
BRF:2
BRH:1
end_of_record
TN:
SF:src\models\users\developer.ts
FN:3,(anonymous_6)
FN:4,Developer
FNF:2
FNH:2
FNDA:8,(anonymous_6)
FNDA:50,Developer
DA:1,8
DA:3,8
DA:5,50
DA:7,8
LF:4
LH:4
BRDA:5,0,0,50
BRDA:5,0,1,50
BRF:2
BRH:2
end_of_record
TN:
SF:src\models\users\productOwner.ts
FN:3,(anonymous_6)
FN:4,ProductOwner
FNF:2
FNH:2
FNDA:8,(anonymous_6)
FNDA:50,ProductOwner
DA:1,8
DA:3,8
DA:5,50
DA:7,8
LF:4
LH:4
BRDA:5,0,0,50
BRDA:5,0,1,50
BRF:2
BRH:2
end_of_record
TN:
SF:src\models\users\scrumMaster.ts
FN:3,(anonymous_6)
FN:4,ScrumMaster
FNF:2
FNH:2
FNDA:9,(anonymous_6)
FNDA:53,ScrumMaster
DA:1,9
DA:3,9
DA:5,53
DA:7,9
LF:4
LH:4
BRDA:5,0,0,53
BRDA:5,0,1,53
BRF:2
BRH:2
end_of_record
TN:
SF:src\models\users\tester.ts
FN:3,(anonymous_6)
FN:4,Tester
FNF:2
FNH:2
FNDA:8,(anonymous_6)
FNDA:50,Tester
DA:1,8
DA:3,8
DA:5,50
DA:7,8
LF:4
LH:4
BRDA:5,0,0,50
BRDA:5,0,1,50
BRF:2
BRH:2
end_of_record
TN:
SF:src\models\users\user.ts
FN:3,(anonymous_0)
FN:11,User
FN:19,(anonymous_2)
FN:23,(anonymous_3)
FN:30,(anonymous_4)
FN:37,(anonymous_5)
FN:40,(anonymous_6)
FN:44,(anonymous_7)
FN:48,(anonymous_8)
FN:51,(anonymous_9)
FN:55,(anonymous_10)
FN:58,(anonymous_11)
FN:62,(anonymous_12)
FN:66,(anonymous_13)
FNF:14
FNH:8
FNDA:9,(anonymous_0)
FNDA:203,User
FNDA:11,(anonymous_2)
FNDA:1,(anonymous_3)
FNDA:11,(anonymous_4)
FNDA:0,(anonymous_5)
FNDA:0,(anonymous_6)
FNDA:0,(anonymous_7)
FNDA:9,(anonymous_8)
FNDA:0,(anonymous_9)
FNDA:2,(anonymous_10)
FNDA:0,(anonymous_11)
FNDA:11,(anonymous_12)
FNDA:0,(anonymous_13)
DA:3,9
DA:12,203
DA:13,203
DA:14,203
DA:15,203
DA:16,203
DA:17,203
DA:19,9
DA:20,11
DA:23,9
DA:24,1
DA:25,1
DA:26,1
DA:30,9
DA:31,11
DA:32,10
DA:37,9
DA:38,0
DA:41,0
DA:44,9
DA:45,0
DA:48,9
DA:49,9
DA:52,0
DA:55,9
DA:56,2
DA:59,0
DA:62,9
DA:63,11
DA:67,0
DA:69,9
LF:31
LH:25
BRDA:25,0,0,1
BRF:1
BRH:1
end_of_record
